2021-10-30 17:18:16 [[32minfo[39m [[36mDatabase[39m] Server connected to the MongoDB Database]
2021-10-30 17:18:16 [[32minfo[39m [[36mCommands[39m] Loaded commands setlang]
2021-10-30 17:18:16 [[32minfo[39m [[36mCommands[39m] Loaded commands restaurant]
2021-10-30 17:18:16 [[32minfo[39m [[36mCommands[39m] Loaded commands chatbot]
2021-10-30 17:18:16 [[32minfo[39m [[36mCommands[39m] Loaded commands profile]
2021-10-30 17:18:16 [[32minfo[39m [[36mCommands[39m] Loaded commands work]
2021-10-30 17:18:16 [[32minfo[39m [[36mCommands[39m] Loaded commands botinfo]
2021-10-30 17:18:16 [[32minfo[39m [[36mCommands[39m] Loaded commands ping]
2021-10-30 17:18:16 [[32minfo[39m [[36mClient[39m] Set client presence]
2021-10-30 17:18:16 [[32minfo[39m [[36mDiscord API[39m] Logged in as Nya#2948]
2021-10-30 17:24:56 [[32minfo[39m [[36mDatabase[39m] Server connected to the MongoDB Database]
2021-10-30 17:24:56 [[32minfo[39m [[36mCommands[39m] Loaded commands setlang]
2021-10-30 17:24:56 [[32minfo[39m [[36mCommands[39m] Loaded commands chatbot]
2021-10-30 17:24:56 [[32minfo[39m [[36mCommands[39m] Loaded commands profile]
2021-10-30 17:24:56 [[32minfo[39m [[36mCommands[39m] Loaded commands restaurant]
2021-10-30 17:24:56 [[32minfo[39m [[36mCommands[39m] Loaded commands work]
2021-10-30 17:24:56 [[32minfo[39m [[36mCommands[39m] Loaded commands botinfo]
2021-10-30 17:24:56 [[32minfo[39m [[36mCommands[39m] Loaded commands ping]
2021-10-30 17:24:56 [[32minfo[39m [[36mClient[39m] Set client presence]
2021-10-30 17:24:56 [[32minfo[39m [[36mDiscord API[39m] Logged in as Nya#2948]
2021-10-30 17:46:10 [[32minfo[39m [[36mDatabase[39m] Server connected to the MongoDB Database]
2021-10-30 17:46:10 [[32minfo[39m [[36mCommands[39m] Loaded commands setlang]
2021-10-30 17:46:10 [[32minfo[39m [[36mCommands[39m] Loaded commands chatbot]
2021-10-30 17:46:10 [[32minfo[39m [[36mCommands[39m] Loaded commands profile]
2021-10-30 17:46:10 [[32minfo[39m [[36mCommands[39m] Loaded commands restaurant]
2021-10-30 17:46:10 [[32minfo[39m [[36mCommands[39m] Loaded commands work]
2021-10-30 17:46:10 [[32minfo[39m [[36mCommands[39m] Loaded commands botinfo]
2021-10-30 17:46:10 [[32minfo[39m [[36mCommands[39m] Loaded commands ping]
2021-10-30 17:46:11 [[32minfo[39m [[36mClient[39m] Set client presence]
2021-10-30 17:46:11 [[32minfo[39m [[36mDiscord API[39m] Logged in as Nya#2948]
2021-10-30 17:46:27 [[32minfo[39m [[36mDatabase[39m] Server connected to the MongoDB Database]
2021-10-30 17:46:28 [[32minfo[39m [[36mCommands[39m] Loaded commands setlang]
2021-10-30 17:46:28 [[32minfo[39m [[36mCommands[39m] Loaded commands chatbot]
2021-10-30 17:46:28 [[32minfo[39m [[36mCommands[39m] Loaded commands profile]
2021-10-30 17:46:28 [[32minfo[39m [[36mCommands[39m] Loaded commands restaurant]
2021-10-30 17:46:28 [[32minfo[39m [[36mCommands[39m] Loaded commands work]
2021-10-30 17:46:28 [[32minfo[39m [[36mCommands[39m] Loaded commands botinfo]
2021-10-30 17:46:28 [[32minfo[39m [[36mCommands[39m] Loaded commands ping]
2021-10-30 17:46:28 [[32minfo[39m [[36mClient[39m] Set client presence]
2021-10-30 17:46:28 [[32minfo[39m [[36mDiscord API[39m] Logged in as Nya#2948]
2021-10-30 17:46:42 [[32minfo[39m [[36mDatabase[39m] Server connected to the MongoDB Database]
2021-10-30 17:46:43 [[32minfo[39m [[36mCommands[39m] Loaded commands setlang]
2021-10-30 17:46:43 [[32minfo[39m [[36mCommands[39m] Loaded commands chatbot]
2021-10-30 17:46:43 [[32minfo[39m [[36mCommands[39m] Loaded commands profile]
2021-10-30 17:46:43 [[32minfo[39m [[36mCommands[39m] Loaded commands restaurant]
2021-10-30 17:46:43 [[32minfo[39m [[36mCommands[39m] Loaded commands work]
2021-10-30 17:46:43 [[32minfo[39m [[36mCommands[39m] Loaded commands botinfo]
2021-10-30 17:46:43 [[32minfo[39m [[36mCommands[39m] Loaded commands ping]
2021-10-30 17:47:11 [[32minfo[39m [[36mClient[39m] Set client presence]
2021-10-30 17:47:11 [[32minfo[39m [[36mDiscord API[39m] Logged in as Nya#2948]
2021-10-30 18:27:15 [[32minfo[39m [[36mDatabase[39m] Server connected to the MongoDB Database]
2021-10-30 18:27:18 [[32minfo[39m [[36mDatabase[39m] Server connected to the MongoDB Database]
2021-10-30 18:27:26 [[32minfo[39m [[36mCommands[39m] Loaded commands setlang]
2021-10-30 18:27:26 [[32minfo[39m [[36mCommands[39m] Loaded commands chatbot]
2021-10-30 18:27:26 [[32minfo[39m [[36mCommands[39m] Loaded commands profile]
2021-10-30 18:27:26 [[32minfo[39m [[36mCommands[39m] Loaded commands restaurant]
2021-10-30 18:27:26 [[32minfo[39m [[36mCommands[39m] Loaded commands work]
2021-10-30 18:27:26 [[32minfo[39m [[36mCommands[39m] Loaded commands botinfo]
2021-10-30 18:27:26 [[32minfo[39m [[36mCommands[39m] Loaded commands ping]
2021-10-30 18:27:26 [[32minfo[39m [[36mClient[39m] Set client presence]
2021-10-30 18:27:26 [[32minfo[39m [[36mDiscord API[39m] Logged in as Nya#2948]
2021-10-30 18:28:26 [[32minfo[39m [[36mDatabase[39m] Server connected to the MongoDB Database]
2021-10-30 18:28:27 [[32minfo[39m [[36mCommands[39m] Loaded commands setlang]
2021-10-30 18:28:27 [[32minfo[39m [[36mCommands[39m] Loaded commands chatbot]
2021-10-30 18:28:27 [[32minfo[39m [[36mCommands[39m] Loaded commands profile]
2021-10-30 18:28:27 [[32minfo[39m [[36mCommands[39m] Loaded commands restaurant]
2021-10-30 18:28:27 [[32minfo[39m [[36mCommands[39m] Loaded commands work]
2021-10-30 18:28:27 [[32minfo[39m [[36mCommands[39m] Loaded commands botinfo]
2021-10-30 18:28:27 [[32minfo[39m [[36mCommands[39m] Loaded commands ping]
2021-10-30 18:28:27 [[32minfo[39m [[36mClient[39m] Set client presence]
2021-10-30 18:28:27 [[32minfo[39m [[36mDiscord API[39m] Logged in as Nya#2948]
2021-10-30 18:30:50 [[32minfo[39m [[36mDatabase[39m] Server connected to the MongoDB Database]
2021-10-30 18:30:50 [[32minfo[39m [[36mCommands[39m] Loaded commands setlang]
2021-10-30 18:30:50 [[32minfo[39m [[36mCommands[39m] Loaded commands chatbot]
2021-10-30 18:30:50 [[32minfo[39m [[36mCommands[39m] Loaded commands profile]
2021-10-30 18:30:50 [[32minfo[39m [[36mCommands[39m] Loaded commands restaurant]
2021-10-30 18:30:50 [[32minfo[39m [[36mCommands[39m] Loaded commands work]
2021-10-30 18:30:50 [[32minfo[39m [[36mCommands[39m] Loaded commands botinfo]
2021-10-30 18:30:50 [[32minfo[39m [[36mCommands[39m] Loaded commands ping]
2021-10-30 18:30:50 [[32minfo[39m [[36mClient[39m] Set client presence]
2021-10-30 18:30:50 [[32minfo[39m [[36mDiscord API[39m] Logged in as Nya#2948]
2021-10-30 18:32:59 [[32minfo[39m [[36mCommands[39m] Loaded commands setlang]
2021-10-30 18:32:59 [[32minfo[39m [[36mCommands[39m] Loaded commands chatbot]
2021-10-30 18:32:59 [[32minfo[39m [[36mCommands[39m] Loaded commands profile]
2021-10-30 18:32:59 [[32minfo[39m [[36mCommands[39m] Loaded commands restaurant]
2021-10-30 18:32:59 [[32minfo[39m [[36mCommands[39m] Loaded commands work]
2021-10-30 18:32:59 [[32minfo[39m [[36mCommands[39m] Loaded commands botinfo]
2021-10-30 18:32:59 [[32minfo[39m [[36mCommands[39m] Loaded commands ping]
2021-10-30 18:32:59 [[32minfo[39m [[36mDatabase[39m] Server connected to the MongoDB Database]
2021-10-30 18:33:00 [[32minfo[39m [[36mClient[39m] Set client presence]
2021-10-30 18:33:00 [[32minfo[39m [[36mDiscord API[39m] Logged in as Nya#2948]
2021-10-30 18:34:46 [[32minfo[39m [[36mDatabase[39m] Server connected to the MongoDB Database]
2021-10-30 18:34:47 [[32minfo[39m [[36mCommands[39m] Loaded commands setlang]
2021-10-30 18:34:47 [[32minfo[39m [[36mCommands[39m] Loaded commands chatbot]
2021-10-30 18:34:47 [[32minfo[39m [[36mCommands[39m] Loaded commands profile]
2021-10-30 18:34:47 [[32minfo[39m [[36mCommands[39m] Loaded commands restaurant]
2021-10-30 18:34:47 [[32minfo[39m [[36mCommands[39m] Loaded commands work]
2021-10-30 18:34:47 [[32minfo[39m [[36mCommands[39m] Loaded commands botinfo]
2021-10-30 18:34:47 [[32minfo[39m [[36mCommands[39m] Loaded commands ping]
2021-10-30 18:34:47 [[32minfo[39m [[36mClient[39m] Set client presence]
2021-10-30 18:34:47 [[32minfo[39m [[36mDiscord API[39m] Logged in as Nya#2948]
2021-10-30 18:46:43 [[32minfo[39m [[36mDatabase[39m] Server connected to the MongoDB Database]
2021-10-30 18:46:43 [[32minfo[39m [[36mCommands[39m] Loaded commands setlang]
2021-10-30 18:46:43 [[32minfo[39m [[36mCommands[39m] Loaded commands chatbot]
2021-10-30 18:46:43 [[32minfo[39m [[36mCommands[39m] Loaded commands profile]
2021-10-30 18:46:43 [[32minfo[39m [[36mCommands[39m] Loaded commands restaurant]
2021-10-30 18:46:43 [[32minfo[39m [[36mCommands[39m] Loaded commands work]
2021-10-30 18:46:43 [[32minfo[39m [[36mCommands[39m] Loaded commands botinfo]
2021-10-30 18:46:43 [[32minfo[39m [[36mCommands[39m] Loaded commands ping]
2021-10-30 18:46:44 [[32minfo[39m [[36mClient[39m] Set client presence]
2021-10-30 18:46:44 [[32minfo[39m [[36mDiscord API[39m] Logged in as Nya#2948]
2021-10-30 18:46:51 [[31merror[39m [[36mError[39m] ReferenceError: message is not defined]
2021-10-30 18:47:26 [[32minfo[39m [[36mDatabase[39m] Server connected to the MongoDB Database]
2021-10-30 18:47:26 [[32minfo[39m [[36mCommands[39m] Loaded commands setlang]
2021-10-30 18:47:26 [[32minfo[39m [[36mCommands[39m] Loaded commands chatbot]
2021-10-30 18:47:26 [[32minfo[39m [[36mCommands[39m] Loaded commands profile]
2021-10-30 18:47:26 [[32minfo[39m [[36mCommands[39m] Loaded commands restaurant]
2021-10-30 18:47:26 [[32minfo[39m [[36mCommands[39m] Loaded commands work]
2021-10-30 18:47:26 [[32minfo[39m [[36mCommands[39m] Loaded commands botinfo]
2021-10-30 18:47:26 [[32minfo[39m [[36mCommands[39m] Loaded commands ping]
2021-10-30 18:47:27 [[32minfo[39m [[36mClient[39m] Set client presence]
2021-10-30 18:47:27 [[32minfo[39m [[36mDiscord API[39m] Logged in as Nya#2948]
2021-10-30 18:47:33 [[31merror[39m [[36mError[39m] ReferenceError: message is not defined]
2021-10-30 18:47:49 [[32minfo[39m [[36mDatabase[39m] Server connected to the MongoDB Database]
2021-10-30 18:47:49 [[32minfo[39m [[36mCommands[39m] Loaded commands setlang]
2021-10-30 18:47:49 [[32minfo[39m [[36mCommands[39m] Loaded commands chatbot]
2021-10-30 18:47:49 [[32minfo[39m [[36mCommands[39m] Loaded commands profile]
2021-10-30 18:47:49 [[32minfo[39m [[36mCommands[39m] Loaded commands restaurant]
2021-10-30 18:47:49 [[32minfo[39m [[36mCommands[39m] Loaded commands work]
2021-10-30 18:47:49 [[32minfo[39m [[36mCommands[39m] Loaded commands botinfo]
2021-10-30 18:47:49 [[32minfo[39m [[36mCommands[39m] Loaded commands ping]
2021-10-30 18:47:49 [[32minfo[39m [[36mClient[39m] Set client presence]
2021-10-30 18:47:49 [[32minfo[39m [[36mDiscord API[39m] Logged in as Nya#2948]
2021-10-30 18:48:08 [[32minfo[39m [[36mDatabase[39m] Server connected to the MongoDB Database]
2021-10-30 18:48:08 [[32minfo[39m [[36mCommands[39m] Loaded commands setlang]
2021-10-30 18:48:08 [[32minfo[39m [[36mCommands[39m] Loaded commands chatbot]
2021-10-30 18:48:08 [[32minfo[39m [[36mCommands[39m] Loaded commands profile]
2021-10-30 18:48:08 [[32minfo[39m [[36mCommands[39m] Loaded commands restaurant]
2021-10-30 18:48:08 [[32minfo[39m [[36mCommands[39m] Loaded commands work]
2021-10-30 18:48:08 [[32minfo[39m [[36mCommands[39m] Loaded commands botinfo]
2021-10-30 18:48:08 [[32minfo[39m [[36mCommands[39m] Loaded commands ping]
2021-10-30 18:48:08 [[32minfo[39m [[36mClient[39m] Set client presence]
2021-10-30 18:48:08 [[32minfo[39m [[36mDiscord API[39m] Logged in as Nya#2948]
2021-10-30 18:48:27 [[32minfo[39m [[36mDatabase[39m] Server connected to the MongoDB Database]
2021-10-30 18:48:27 [[32minfo[39m [[36mCommands[39m] Loaded commands setlang]
2021-10-30 18:48:27 [[32minfo[39m [[36mCommands[39m] Loaded commands chatbot]
2021-10-30 18:48:27 [[32minfo[39m [[36mCommands[39m] Loaded commands profile]
2021-10-30 18:48:27 [[32minfo[39m [[36mCommands[39m] Loaded commands restaurant]
2021-10-30 18:48:27 [[32minfo[39m [[36mCommands[39m] Loaded commands work]
2021-10-30 18:48:27 [[32minfo[39m [[36mCommands[39m] Loaded commands botinfo]
2021-10-30 18:48:27 [[32minfo[39m [[36mCommands[39m] Loaded commands ping]
2021-10-30 18:48:39 [[32minfo[39m [[36mDatabase[39m] Server connected to the MongoDB Database]
2021-10-30 18:48:40 [[32minfo[39m [[36mCommands[39m] Loaded commands setlang]
2021-10-30 18:48:40 [[32minfo[39m [[36mCommands[39m] Loaded commands chatbot]
2021-10-30 18:48:40 [[32minfo[39m [[36mCommands[39m] Loaded commands profile]
2021-10-30 18:48:40 [[32minfo[39m [[36mCommands[39m] Loaded commands restaurant]
2021-10-30 18:48:40 [[32minfo[39m [[36mCommands[39m] Loaded commands work]
2021-10-30 18:48:40 [[32minfo[39m [[36mCommands[39m] Loaded commands botinfo]
2021-10-30 18:48:40 [[32minfo[39m [[36mCommands[39m] Loaded commands ping]
2021-10-30 18:48:50 [[32minfo[39m [[36mClient[39m] Set client presence]
2021-10-30 18:48:50 [[32minfo[39m [[36mDiscord API[39m] Logged in as Nya#2948]
2021-10-30 18:49:28 [[32minfo[39m [[36mDatabase[39m] Server connected to the MongoDB Database]
2021-10-30 18:49:28 [[32minfo[39m [[36mCommands[39m] Loaded commands setlang]
2021-10-30 18:49:28 [[32minfo[39m [[36mCommands[39m] Loaded commands chatbot]
2021-10-30 18:49:28 [[32minfo[39m [[36mCommands[39m] Loaded commands profile]
2021-10-30 18:49:28 [[32minfo[39m [[36mCommands[39m] Loaded commands restaurant]
2021-10-30 18:49:28 [[32minfo[39m [[36mCommands[39m] Loaded commands work]
2021-10-30 18:49:28 [[32minfo[39m [[36mCommands[39m] Loaded commands botinfo]
2021-10-30 18:49:28 [[32minfo[39m [[36mCommands[39m] Loaded commands ping]
2021-10-30 18:49:29 [[32minfo[39m [[36mClient[39m] Set client presence]
2021-10-30 18:49:29 [[32minfo[39m [[36mDiscord API[39m] Logged in as Nya#2948]
2021-10-30 18:50:00 [[32minfo[39m [[36mCommands[39m] Loaded commands setlang]
2021-10-30 18:50:00 [[32minfo[39m [[36mCommands[39m] Loaded commands chatbot]
2021-10-30 18:50:00 [[32minfo[39m [[36mCommands[39m] Loaded commands profile]
2021-10-30 18:50:00 [[32minfo[39m [[36mCommands[39m] Loaded commands restaurant]
2021-10-30 18:50:00 [[32minfo[39m [[36mCommands[39m] Loaded commands work]
2021-10-30 18:50:00 [[32minfo[39m [[36mCommands[39m] Loaded commands botinfo]
2021-10-30 18:50:00 [[32minfo[39m [[36mCommands[39m] Loaded commands ping]
2021-10-30 18:50:00 [[32minfo[39m [[36mDatabase[39m] Server connected to the MongoDB Database]
2021-10-30 18:50:00 [[32minfo[39m [[36mClient[39m] Set client presence]
2021-10-30 18:50:00 [[32minfo[39m [[36mDiscord API[39m] Logged in as Nya#2948]
2021-10-30 18:50:22 [[32minfo[39m [[36mDatabase[39m] Server connected to the MongoDB Database]
2021-10-30 18:50:22 [[32minfo[39m [[36mCommands[39m] Loaded commands setlang]
2021-10-30 18:50:22 [[32minfo[39m [[36mCommands[39m] Loaded commands chatbot]
2021-10-30 18:50:22 [[32minfo[39m [[36mCommands[39m] Loaded commands profile]
2021-10-30 18:50:22 [[32minfo[39m [[36mCommands[39m] Loaded commands restaurant]
2021-10-30 18:50:22 [[32minfo[39m [[36mCommands[39m] Loaded commands work]
2021-10-30 18:50:22 [[32minfo[39m [[36mCommands[39m] Loaded commands botinfo]
2021-10-30 18:50:22 [[32minfo[39m [[36mCommands[39m] Loaded commands ping]
2021-10-30 18:50:22 [[32minfo[39m [[36mClient[39m] Set client presence]
2021-10-30 18:50:22 [[32minfo[39m [[36mDiscord API[39m] Logged in as Nya#2948]
2021-10-30 18:53:01 [[32minfo[39m [[36mDatabase[39m] Server connected to the MongoDB Database]
2021-10-30 18:53:01 [[32minfo[39m [[36mCommands[39m] Loaded commands setlang]
2021-10-30 18:53:01 [[32minfo[39m [[36mCommands[39m] Loaded commands chatbot]
2021-10-30 18:53:01 [[32minfo[39m [[36mCommands[39m] Loaded commands profile]
2021-10-30 18:53:01 [[32minfo[39m [[36mCommands[39m] Loaded commands restaurant]
2021-10-30 18:53:01 [[32minfo[39m [[36mCommands[39m] Loaded commands work]
2021-10-30 18:53:01 [[32minfo[39m [[36mCommands[39m] Loaded commands botinfo]
2021-10-30 18:53:01 [[32minfo[39m [[36mCommands[39m] Loaded commands ping]
2021-10-30 18:53:01 [[32minfo[39m [[36mClient[39m] Set client presence]
2021-10-30 18:53:01 [[32minfo[39m [[36mDiscord API[39m] Logged in as Nya#2948]
2021-10-30 18:53:09 [[31merror[39m [[36mError[39m] ReferenceError: client is not defined]
2021-10-30 18:53:28 [[32minfo[39m [[36mCommands[39m] Loaded commands setlang]
2021-10-30 18:53:28 [[32minfo[39m [[36mCommands[39m] Loaded commands chatbot]
2021-10-30 18:53:28 [[32minfo[39m [[36mCommands[39m] Loaded commands profile]
2021-10-30 18:53:28 [[32minfo[39m [[36mCommands[39m] Loaded commands restaurant]
2021-10-30 18:53:28 [[32minfo[39m [[36mCommands[39m] Loaded commands work]
2021-10-30 18:53:28 [[32minfo[39m [[36mCommands[39m] Loaded commands botinfo]
2021-10-30 18:53:28 [[32minfo[39m [[36mCommands[39m] Loaded commands ping]
2021-10-30 18:53:28 [[32minfo[39m [[36mDatabase[39m] Server connected to the MongoDB Database]
2021-10-30 18:53:28 [[32minfo[39m [[36mClient[39m] Set client presence]
2021-10-30 18:53:28 [[32minfo[39m [[36mDiscord API[39m] Logged in as Nya#2948]
2021-10-30 18:55:04 [[32minfo[39m [[36mCommands[39m] Loaded commands setlang]
2021-10-30 18:55:04 [[32minfo[39m [[36mCommands[39m] Loaded commands chatbot]
2021-10-30 18:55:04 [[32minfo[39m [[36mCommands[39m] Loaded commands profile]
2021-10-30 18:55:04 [[32minfo[39m [[36mCommands[39m] Loaded commands restaurant]
2021-10-30 18:55:04 [[32minfo[39m [[36mCommands[39m] Loaded commands work]
2021-10-30 18:55:04 [[32minfo[39m [[36mCommands[39m] Loaded commands botinfo]
2021-10-30 18:55:04 [[32minfo[39m [[36mCommands[39m] Loaded commands ping]
2021-10-30 18:55:04 [[32minfo[39m [[36mDatabase[39m] Server connected to the MongoDB Database]
2021-10-30 18:55:04 [[32minfo[39m [[36mClient[39m] Set client presence]
2021-10-30 18:55:04 [[32minfo[39m [[36mDiscord API[39m] Logged in as Nya#2948]
2021-10-30 18:57:46 [[32minfo[39m [[36mDatabase[39m] Server connected to the MongoDB Database]
2021-10-30 18:57:46 [[32minfo[39m [[36mCommands[39m] Loaded commands setlang]
2021-10-30 18:57:46 [[32minfo[39m [[36mCommands[39m] Loaded commands chatbot]
2021-10-30 18:57:46 [[32minfo[39m [[36mCommands[39m] Loaded commands profile]
2021-10-30 18:57:46 [[32minfo[39m [[36mCommands[39m] Loaded commands restaurant]
2021-10-30 18:57:46 [[32minfo[39m [[36mCommands[39m] Loaded commands work]
2021-10-30 18:57:46 [[32minfo[39m [[36mCommands[39m] Loaded commands botinfo]
2021-10-30 18:57:46 [[32minfo[39m [[36mCommands[39m] Loaded commands ping]
2021-10-30 18:57:46 [[32minfo[39m [[36mClient[39m] Set client presence]
2021-10-30 18:57:46 [[32minfo[39m [[36mDiscord API[39m] Logged in as Nya#2948]
2021-10-30 19:00:56 [[32minfo[39m [[36mDatabase[39m] Server connected to the MongoDB Database]
2021-10-30 19:00:57 [[32minfo[39m [[36mCommands[39m] Loaded commands setlang]
2021-10-30 19:00:57 [[32minfo[39m [[36mCommands[39m] Loaded commands chatbot]
2021-10-30 19:00:57 [[32minfo[39m [[36mCommands[39m] Loaded commands profile]
2021-10-30 19:00:57 [[32minfo[39m [[36mCommands[39m] Loaded commands restaurant]
2021-10-30 19:00:57 [[32minfo[39m [[36mCommands[39m] Loaded commands work]
2021-10-30 19:00:57 [[32minfo[39m [[36mCommands[39m] Loaded commands botinfo]
2021-10-30 19:00:57 [[32minfo[39m [[36mCommands[39m] Loaded commands ping]
2021-10-30 19:00:57 [[32minfo[39m [[36mClient[39m] Set client presence]
2021-10-30 19:00:57 [[32minfo[39m [[36mDiscord API[39m] Logged in as Nya#2948]
2021-10-30 19:06:03 [[32minfo[39m [[36mDatabase[39m] Server connected to the MongoDB Database]
2021-10-30 19:06:03 [[32minfo[39m [[36mCommands[39m] Loaded commands setlang]
2021-10-30 19:06:03 [[32minfo[39m [[36mCommands[39m] Loaded commands chatbot]
2021-10-30 19:06:03 [[32minfo[39m [[36mCommands[39m] Loaded commands profile]
2021-10-30 19:06:03 [[32minfo[39m [[36mCommands[39m] Loaded commands restaurant]
2021-10-30 19:06:03 [[32minfo[39m [[36mCommands[39m] Loaded commands work]
2021-10-30 19:06:03 [[32minfo[39m [[36mCommands[39m] Loaded commands botinfo]
2021-10-30 19:06:03 [[32minfo[39m [[36mCommands[39m] Loaded commands ping]
2021-10-30 19:06:03 [[32minfo[39m [[36mClient[39m] Set client presence]
2021-10-30 19:06:03 [[32minfo[39m [[36mDiscord API[39m] Logged in as Nya#2948]
2021-10-30 19:06:11 [[32minfo[39m [[36mDatabase[39m] Server connected to the MongoDB Database]
2021-10-30 19:06:12 [[32minfo[39m [[36mCommands[39m] Loaded commands setlang]
2021-10-30 19:06:12 [[32minfo[39m [[36mCommands[39m] Loaded commands chatbot]
2021-10-30 19:06:12 [[32minfo[39m [[36mCommands[39m] Loaded commands profile]
2021-10-30 19:06:12 [[32minfo[39m [[36mCommands[39m] Loaded commands restaurant]
2021-10-30 19:06:12 [[32minfo[39m [[36mCommands[39m] Loaded commands work]
2021-10-30 19:06:12 [[32minfo[39m [[36mCommands[39m] Loaded commands botinfo]
2021-10-30 19:06:12 [[32minfo[39m [[36mCommands[39m] Loaded commands ping]
2021-10-30 19:06:12 [[32minfo[39m [[36mClient[39m] Set client presence]
2021-10-30 19:06:12 [[32minfo[39m [[36mDiscord API[39m] Logged in as Nya#2948]
2021-10-30 19:07:01 [[32minfo[39m [[36mDatabase[39m] Server connected to the MongoDB Database]
2021-10-30 19:07:01 [[32minfo[39m [[36mCommands[39m] Loaded commands setlang]
2021-10-30 19:07:01 [[32minfo[39m [[36mCommands[39m] Loaded commands chatbot]
2021-10-30 19:07:01 [[32minfo[39m [[36mCommands[39m] Loaded commands profile]
2021-10-30 19:07:01 [[32minfo[39m [[36mCommands[39m] Loaded commands restaurant]
2021-10-30 19:07:01 [[32minfo[39m [[36mCommands[39m] Loaded commands work]
2021-10-30 19:07:01 [[32minfo[39m [[36mCommands[39m] Loaded commands botinfo]
2021-10-30 19:07:01 [[32minfo[39m [[36mCommands[39m] Loaded commands ping]
2021-10-30 19:07:04 [[32minfo[39m [[36mClient[39m] Set client presence]
2021-10-30 19:07:04 [[32minfo[39m [[36mDiscord API[39m] Logged in as Nya#2948]
2021-10-30 19:10:41 [[32minfo[39m [[36mDatabase[39m] Server connected to the MongoDB Database]
2021-10-30 19:10:41 [[32minfo[39m [[36mCommands[39m] Loaded commands setlang]
2021-10-30 19:10:41 [[32minfo[39m [[36mCommands[39m] Loaded commands chatbot]
2021-10-30 19:10:41 [[32minfo[39m [[36mCommands[39m] Loaded commands profile]
2021-10-30 19:10:41 [[32minfo[39m [[36mCommands[39m] Loaded commands restaurant]
2021-10-30 19:10:41 [[32minfo[39m [[36mCommands[39m] Loaded commands work]
2021-10-30 19:10:41 [[32minfo[39m [[36mCommands[39m] Loaded commands botinfo]
2021-10-30 19:10:41 [[32minfo[39m [[36mCommands[39m] Loaded commands ping]
2021-10-30 19:10:41 [[32minfo[39m [[36mClient[39m] Set client presence]
2021-10-30 19:10:41 [[32minfo[39m [[36mDiscord API[39m] Logged in as Nya#2948]
2021-10-30 19:22:17 [[32minfo[39m [[36mDatabase[39m] Server connected to the MongoDB Database]
2021-10-30 19:22:17 [[32minfo[39m [[36mCommands[39m] Loaded commands setlang]
2021-10-30 19:22:17 [[32minfo[39m [[36mCommands[39m] Loaded commands chatbot]
2021-10-30 19:22:17 [[32minfo[39m [[36mCommands[39m] Loaded commands profile]
2021-10-30 19:22:17 [[32minfo[39m [[36mCommands[39m] Loaded commands restaurant]
2021-10-30 19:22:17 [[32minfo[39m [[36mCommands[39m] Loaded commands work]
2021-10-30 19:22:17 [[32minfo[39m [[36mCommands[39m] Loaded commands botinfo]
2021-10-30 19:22:17 [[32minfo[39m [[36mCommands[39m] Loaded commands ping]
2021-10-30 19:22:17 [[32minfo[39m [[36mClient[39m] Set client presence]
2021-10-30 19:22:17 [[32minfo[39m [[36mDiscord API[39m] Logged in as Nya#2948]
2021-10-30 19:22:46 [[32minfo[39m [[36mDatabase[39m] Server connected to the MongoDB Database]
2021-10-30 19:22:46 [[32minfo[39m [[36mCommands[39m] Loaded commands setlang]
2021-10-30 19:22:46 [[32minfo[39m [[36mCommands[39m] Loaded commands chatbot]
2021-10-30 19:22:46 [[32minfo[39m [[36mCommands[39m] Loaded commands profile]
2021-10-30 19:22:46 [[32minfo[39m [[36mCommands[39m] Loaded commands restaurant]
2021-10-30 19:22:46 [[32minfo[39m [[36mCommands[39m] Loaded commands work]
2021-10-30 19:22:46 [[32minfo[39m [[36mCommands[39m] Loaded commands botinfo]
2021-10-30 19:22:46 [[32minfo[39m [[36mCommands[39m] Loaded commands ping]
2021-10-30 19:22:46 [[32minfo[39m [[36mClient[39m] Set client presence]
2021-10-30 19:22:46 [[32minfo[39m [[36mDiscord API[39m] Logged in as Nya#2948]
2021-10-30 19:23:24 [[32minfo[39m [[36mDatabase[39m] Server connected to the MongoDB Database]
2021-10-30 19:23:24 [[32minfo[39m [[36mCommands[39m] Loaded commands setlang]
2021-10-30 19:23:24 [[32minfo[39m [[36mCommands[39m] Loaded commands chatbot]
2021-10-30 19:23:24 [[32minfo[39m [[36mCommands[39m] Loaded commands profile]
2021-10-30 19:23:24 [[32minfo[39m [[36mCommands[39m] Loaded commands restaurant]
2021-10-30 19:23:24 [[32minfo[39m [[36mCommands[39m] Loaded commands work]
2021-10-30 19:23:24 [[32minfo[39m [[36mCommands[39m] Loaded commands botinfo]
2021-10-30 19:23:24 [[32minfo[39m [[36mCommands[39m] Loaded commands ping]
2021-10-30 19:23:24 [[32minfo[39m [[36mClient[39m] Set client presence]
2021-10-30 19:23:24 [[32minfo[39m [[36mDiscord API[39m] Logged in as Nya#2948]
2021-10-30 19:24:21 [[32minfo[39m [[36mDatabase[39m] Server connected to the MongoDB Database]
2021-10-30 19:24:21 [[32minfo[39m [[36mCommands[39m] Loaded commands setlang]
2021-10-30 19:24:21 [[32minfo[39m [[36mCommands[39m] Loaded commands chatbot]
2021-10-30 19:24:21 [[32minfo[39m [[36mCommands[39m] Loaded commands profile]
2021-10-30 19:24:21 [[32minfo[39m [[36mCommands[39m] Loaded commands restaurant]
2021-10-30 19:24:21 [[32minfo[39m [[36mCommands[39m] Loaded commands work]
2021-10-30 19:24:21 [[32minfo[39m [[36mCommands[39m] Loaded commands botinfo]
2021-10-30 19:24:21 [[32minfo[39m [[36mCommands[39m] Loaded commands ping]
2021-10-30 19:24:22 [[32minfo[39m [[36mClient[39m] Set client presence]
2021-10-30 19:24:22 [[32minfo[39m [[36mDiscord API[39m] Logged in as Nya#2948]
2021-10-30 19:26:33 [[32minfo[39m [[36mDatabase[39m] Server connected to the MongoDB Database]
2021-10-30 19:26:33 [[32minfo[39m [[36mCommands[39m] Loaded commands setlang]
2021-10-30 19:26:33 [[32minfo[39m [[36mCommands[39m] Loaded commands chatbot]
2021-10-30 19:26:33 [[32minfo[39m [[36mCommands[39m] Loaded commands profile]
2021-10-30 19:26:33 [[32minfo[39m [[36mCommands[39m] Loaded commands restaurant]
2021-10-30 19:26:33 [[32minfo[39m [[36mCommands[39m] Loaded commands work]
2021-10-30 19:26:33 [[32minfo[39m [[36mCommands[39m] Loaded commands botinfo]
2021-10-30 19:26:33 [[32minfo[39m [[36mCommands[39m] Loaded commands ping]
2021-10-30 19:26:33 [[32minfo[39m [[36mClient[39m] Set client presence]
2021-10-30 19:26:33 [[32minfo[39m [[36mDiscord API[39m] Logged in as Nya#2948]
2021-10-30 19:27:00 [[32minfo[39m [[36mDatabase[39m] Server connected to the MongoDB Database]
2021-10-30 19:27:00 [[32minfo[39m [[36mCommands[39m] Loaded commands setlang]
2021-10-30 19:27:00 [[32minfo[39m [[36mCommands[39m] Loaded commands chatbot]
2021-10-30 19:27:00 [[32minfo[39m [[36mCommands[39m] Loaded commands profile]
2021-10-30 19:27:00 [[32minfo[39m [[36mCommands[39m] Loaded commands restaurant]
2021-10-30 19:27:00 [[32minfo[39m [[36mCommands[39m] Loaded commands work]
2021-10-30 19:27:00 [[32minfo[39m [[36mCommands[39m] Loaded commands botinfo]
2021-10-30 19:27:00 [[32minfo[39m [[36mCommands[39m] Loaded commands ping]
2021-10-30 19:27:00 [[32minfo[39m [[36mClient[39m] Set client presence]
2021-10-30 19:27:00 [[32minfo[39m [[36mDiscord API[39m] Logged in as Nya#2948]
2021-10-30 19:27:20 [[32minfo[39m [[36mDatabase[39m] Server connected to the MongoDB Database]
2021-10-30 19:27:20 [[32minfo[39m [[36mCommands[39m] Loaded commands setlang]
2021-10-30 19:27:20 [[32minfo[39m [[36mCommands[39m] Loaded commands chatbot]
2021-10-30 19:27:20 [[32minfo[39m [[36mCommands[39m] Loaded commands profile]
2021-10-30 19:27:20 [[32minfo[39m [[36mCommands[39m] Loaded commands restaurant]
2021-10-30 19:27:20 [[32minfo[39m [[36mCommands[39m] Loaded commands work]
2021-10-30 19:27:20 [[32minfo[39m [[36mCommands[39m] Loaded commands botinfo]
2021-10-30 19:27:20 [[32minfo[39m [[36mCommands[39m] Loaded commands ping]
2021-10-30 19:27:32 [[32minfo[39m [[36mClient[39m] Set client presence]
2021-10-30 19:27:32 [[32minfo[39m [[36mDiscord API[39m] Logged in as Nya#2948]
2021-10-30 19:27:43 [[32minfo[39m [[36mCommands[39m] Loaded commands setlang]
2021-10-30 19:27:43 [[32minfo[39m [[36mCommands[39m] Loaded commands chatbot]
2021-10-30 19:27:43 [[32minfo[39m [[36mCommands[39m] Loaded commands profile]
2021-10-30 19:27:43 [[32minfo[39m [[36mCommands[39m] Loaded commands restaurant]
2021-10-30 19:27:43 [[32minfo[39m [[36mCommands[39m] Loaded commands work]
2021-10-30 19:27:43 [[32minfo[39m [[36mCommands[39m] Loaded commands botinfo]
2021-10-30 19:27:43 [[32minfo[39m [[36mCommands[39m] Loaded commands ping]
2021-10-30 19:27:43 [[32minfo[39m [[36mDatabase[39m] Server connected to the MongoDB Database]
2021-10-30 19:27:43 [[32minfo[39m [[36mClient[39m] Set client presence]
2021-10-30 19:27:43 [[32minfo[39m [[36mDiscord API[39m] Logged in as Nya#2948]
2021-10-30 19:32:18 [[32minfo[39m [[36mDatabase[39m] Server connected to the MongoDB Database]
2021-10-30 19:32:18 [[32minfo[39m [[36mCommands[39m] Loaded commands setlang]
2021-10-30 19:32:18 [[32minfo[39m [[36mCommands[39m] Loaded commands chatbot]
2021-10-30 19:32:18 [[32minfo[39m [[36mCommands[39m] Loaded commands profile]
2021-10-30 19:32:18 [[32minfo[39m [[36mCommands[39m] Loaded commands restaurant]
2021-10-30 19:32:18 [[32minfo[39m [[36mCommands[39m] Loaded commands work]
2021-10-30 19:32:18 [[32minfo[39m [[36mCommands[39m] Loaded commands botinfo]
2021-10-30 19:32:18 [[32minfo[39m [[36mCommands[39m] Loaded commands ping]
2021-10-30 19:32:19 [[32minfo[39m [[36mClient[39m] Set client presence]
2021-10-30 19:32:19 [[32minfo[39m [[36mDiscord API[39m] Logged in as Nya#2948]
2021-10-30 19:34:26 [[32minfo[39m [[36mDatabase[39m] Server connected to the MongoDB Database]
2021-10-30 19:34:27 [[32minfo[39m [[36mCommands[39m] Loaded commands setlang]
2021-10-30 19:34:27 [[32minfo[39m [[36mCommands[39m] Loaded commands chatbot]
2021-10-30 19:34:27 [[32minfo[39m [[36mCommands[39m] Loaded commands profile]
2021-10-30 19:34:27 [[32minfo[39m [[36mCommands[39m] Loaded commands restaurant]
2021-10-30 19:34:27 [[32minfo[39m [[36mCommands[39m] Loaded commands work]
2021-10-30 19:34:27 [[32minfo[39m [[36mCommands[39m] Loaded commands botinfo]
2021-10-30 19:34:27 [[32minfo[39m [[36mCommands[39m] Loaded commands ping]
2021-10-30 19:34:27 [[32minfo[39m [[36mClient[39m] Set client presence]
2021-10-30 19:34:27 [[32minfo[39m [[36mDiscord API[39m] Logged in as Nya#2948]
2021-10-30 19:35:02 [[32minfo[39m [[36mDatabase[39m] Server connected to the MongoDB Database]
2021-10-30 19:35:02 [[32minfo[39m [[36mCommands[39m] Loaded commands setlang]
2021-10-30 19:35:02 [[32minfo[39m [[36mCommands[39m] Loaded commands chatbot]
2021-10-30 19:35:02 [[32minfo[39m [[36mCommands[39m] Loaded commands profile]
2021-10-30 19:35:02 [[32minfo[39m [[36mCommands[39m] Loaded commands restaurant]
2021-10-30 19:35:02 [[32minfo[39m [[36mCommands[39m] Loaded commands work]
2021-10-30 19:35:02 [[32minfo[39m [[36mCommands[39m] Loaded commands botinfo]
2021-10-30 19:35:02 [[32minfo[39m [[36mCommands[39m] Loaded commands ping]
2021-10-30 19:35:02 [[32minfo[39m [[36mClient[39m] Set client presence]
2021-10-30 19:35:02 [[32minfo[39m [[36mDiscord API[39m] Logged in as Nya#2948]
2021-10-30 19:35:31 [[32minfo[39m [[36mCommands[39m] Loaded commands setlang]
2021-10-30 19:35:31 [[32minfo[39m [[36mCommands[39m] Loaded commands chatbot]
2021-10-30 19:35:31 [[32minfo[39m [[36mCommands[39m] Loaded commands profile]
2021-10-30 19:35:31 [[32minfo[39m [[36mCommands[39m] Loaded commands restaurant]
2021-10-30 19:35:31 [[32minfo[39m [[36mCommands[39m] Loaded commands work]
2021-10-30 19:35:31 [[32minfo[39m [[36mCommands[39m] Loaded commands botinfo]
2021-10-30 19:35:31 [[32minfo[39m [[36mCommands[39m] Loaded commands ping]
2021-10-30 19:35:31 [[32minfo[39m [[36mClient[39m] Set client presence]
2021-10-30 19:35:31 [[32minfo[39m [[36mDiscord API[39m] Logged in as Nya#2948]
2021-10-30 19:35:31 [[32minfo[39m [[36mDatabase[39m] Server connected to the MongoDB Database]
2021-10-30 19:36:00 [[32minfo[39m [[36mDatabase[39m] Server connected to the MongoDB Database]
2021-10-30 19:36:01 [[32minfo[39m [[36mCommands[39m] Loaded commands setlang]
2021-10-30 19:36:01 [[32minfo[39m [[36mCommands[39m] Loaded commands chatbot]
2021-10-30 19:36:01 [[32minfo[39m [[36mCommands[39m] Loaded commands profile]
2021-10-30 19:36:01 [[32minfo[39m [[36mCommands[39m] Loaded commands restaurant]
2021-10-30 19:36:01 [[32minfo[39m [[36mCommands[39m] Loaded commands work]
2021-10-30 19:36:01 [[32minfo[39m [[36mCommands[39m] Loaded commands botinfo]
2021-10-30 19:36:01 [[32minfo[39m [[36mCommands[39m] Loaded commands ping]
2021-10-30 19:36:01 [[32minfo[39m [[36mClient[39m] Set client presence]
2021-10-30 19:36:01 [[32minfo[39m [[36mDiscord API[39m] Logged in as Nya#2948]
2021-10-30 19:36:51 [[32minfo[39m [[36mDatabase[39m] Server connected to the MongoDB Database]
2021-10-30 19:36:52 [[32minfo[39m [[36mCommands[39m] Loaded commands setlang]
2021-10-30 19:36:52 [[32minfo[39m [[36mCommands[39m] Loaded commands chatbot]
2021-10-30 19:36:52 [[32minfo[39m [[36mCommands[39m] Loaded commands profile]
2021-10-30 19:36:52 [[32minfo[39m [[36mCommands[39m] Loaded commands restaurant]
2021-10-30 19:36:52 [[32minfo[39m [[36mCommands[39m] Loaded commands work]
2021-10-30 19:36:52 [[32minfo[39m [[36mCommands[39m] Loaded commands botinfo]
2021-10-30 19:36:52 [[32minfo[39m [[36mCommands[39m] Loaded commands ping]
2021-10-30 19:36:52 [[32minfo[39m [[36mClient[39m] Set client presence]
2021-10-30 19:36:52 [[32minfo[39m [[36mDiscord API[39m] Logged in as Nya#2948]
2021-10-30 20:20:05 [[32minfo[39m [[36mDatabase[39m] Server connected to the MongoDB Database]
2021-10-30 20:20:06 [[32minfo[39m [[36mCommands[39m] Loaded commands setlang]
2021-10-30 20:20:06 [[32minfo[39m [[36mCommands[39m] Loaded commands chatbot]
2021-10-30 20:20:06 [[32minfo[39m [[36mCommands[39m] Loaded commands profile]
2021-10-30 20:20:06 [[32minfo[39m [[36mCommands[39m] Loaded commands restaurant]
2021-10-30 20:20:06 [[32minfo[39m [[36mCommands[39m] Loaded commands work]
2021-10-30 20:20:06 [[32minfo[39m [[36mCommands[39m] Loaded commands botinfo]
2021-10-30 20:20:06 [[32minfo[39m [[36mCommands[39m] Loaded commands ping]
2021-10-30 20:20:06 [[32minfo[39m [[36mClient[39m] Set client presence]
2021-10-30 20:20:06 [[32minfo[39m [[36mDiscord API[39m] Logged in as Nya#2948]
2021-10-30 20:21:33 [[32minfo[39m [[36mDatabase[39m] Server connected to the MongoDB Database]
2021-10-30 20:21:33 [[32minfo[39m [[36mCommands[39m] Loaded commands setlang]
2021-10-30 20:21:33 [[32minfo[39m [[36mCommands[39m] Loaded commands chatbot]
2021-10-30 20:21:33 [[32minfo[39m [[36mCommands[39m] Loaded commands profile]
2021-10-30 20:21:33 [[32minfo[39m [[36mCommands[39m] Loaded commands restaurant]
2021-10-30 20:21:33 [[32minfo[39m [[36mCommands[39m] Loaded commands work]
2021-10-30 20:21:33 [[32minfo[39m [[36mCommands[39m] Loaded commands botinfo]
2021-10-30 20:21:33 [[32minfo[39m [[36mCommands[39m] Loaded commands ping]
2021-10-30 20:21:34 [[32minfo[39m [[36mClient[39m] Set client presence]
2021-10-30 20:21:34 [[32minfo[39m [[36mDiscord API[39m] Logged in as Nya#2948]
2021-10-30 20:22:15 [[32minfo[39m [[36mDatabase[39m] Server connected to the MongoDB Database]
2021-10-30 20:22:15 [[32minfo[39m [[36mCommands[39m] Loaded commands setlang]
2021-10-30 20:22:15 [[32minfo[39m [[36mCommands[39m] Loaded commands chatbot]
2021-10-30 20:22:15 [[32minfo[39m [[36mCommands[39m] Loaded commands profile]
2021-10-30 20:22:15 [[32minfo[39m [[36mCommands[39m] Loaded commands restaurant]
2021-10-30 20:22:15 [[32minfo[39m [[36mCommands[39m] Loaded commands work]
2021-10-30 20:22:15 [[32minfo[39m [[36mCommands[39m] Loaded commands botinfo]
2021-10-30 20:22:15 [[32minfo[39m [[36mCommands[39m] Loaded commands ping]
2021-10-30 20:22:15 [[32minfo[39m [[36mClient[39m] Set client presence]
2021-10-30 20:22:15 [[32minfo[39m [[36mDiscord API[39m] Logged in as Nya#2948]
2021-10-30 20:23:24 [[32minfo[39m [[36mDatabase[39m] Server connected to the MongoDB Database]
2021-10-30 20:23:24 [[32minfo[39m [[36mCommands[39m] Loaded commands setlang]
2021-10-30 20:23:24 [[32minfo[39m [[36mCommands[39m] Loaded commands chatbot]
2021-10-30 20:23:24 [[32minfo[39m [[36mCommands[39m] Loaded commands profile]
2021-10-30 20:23:24 [[32minfo[39m [[36mCommands[39m] Loaded commands restaurant]
2021-10-30 20:23:24 [[32minfo[39m [[36mCommands[39m] Loaded commands work]
2021-10-30 20:23:24 [[32minfo[39m [[36mCommands[39m] Loaded commands botinfo]
2021-10-30 20:23:24 [[32minfo[39m [[36mCommands[39m] Loaded commands ping]
2021-10-30 20:23:25 [[32minfo[39m [[36mClient[39m] Set client presence]
2021-10-30 20:23:25 [[32minfo[39m [[36mDiscord API[39m] Logged in as Nya#2948]
2021-10-30 20:23:52 [[32minfo[39m [[36mDatabase[39m] Server connected to the MongoDB Database]
2021-10-30 20:23:52 [[32minfo[39m [[36mCommands[39m] Loaded commands setlang]
2021-10-30 20:23:52 [[32minfo[39m [[36mCommands[39m] Loaded commands chatbot]
2021-10-30 20:23:52 [[32minfo[39m [[36mCommands[39m] Loaded commands profile]
2021-10-30 20:23:52 [[32minfo[39m [[36mCommands[39m] Loaded commands restaurant]
2021-10-30 20:23:52 [[32minfo[39m [[36mCommands[39m] Loaded commands work]
2021-10-30 20:23:52 [[32minfo[39m [[36mCommands[39m] Loaded commands botinfo]
2021-10-30 20:23:52 [[32minfo[39m [[36mCommands[39m] Loaded commands ping]
2021-10-30 20:23:52 [[32minfo[39m [[36mClient[39m] Set client presence]
2021-10-30 20:23:52 [[32minfo[39m [[36mDiscord API[39m] Logged in as Nya#2948]
2021-10-30 20:24:30 [[32minfo[39m [[36mDatabase[39m] Server connected to the MongoDB Database]
2021-10-30 20:24:30 [[32minfo[39m [[36mCommands[39m] Loaded commands setlang]
2021-10-30 20:24:30 [[32minfo[39m [[36mCommands[39m] Loaded commands chatbot]
2021-10-30 20:24:30 [[32minfo[39m [[36mCommands[39m] Loaded commands profile]
2021-10-30 20:24:30 [[32minfo[39m [[36mCommands[39m] Loaded commands restaurant]
2021-10-30 20:24:30 [[32minfo[39m [[36mCommands[39m] Loaded commands work]
2021-10-30 20:24:30 [[32minfo[39m [[36mCommands[39m] Loaded commands botinfo]
2021-10-30 20:24:30 [[32minfo[39m [[36mCommands[39m] Loaded commands ping]
2021-10-30 20:24:30 [[32minfo[39m [[36mClient[39m] Set client presence]
2021-10-30 20:24:30 [[32minfo[39m [[36mDiscord API[39m] Logged in as Nya#2948]
2021-10-30 20:54:40 [[32minfo[39m [[36mDatabase[39m] Server connected to the MongoDB Database]
2021-10-30 20:54:40 [[32minfo[39m [[36mCommands[39m] Loaded commands setlang]
2021-10-30 20:54:40 [[32minfo[39m [[36mCommands[39m] Loaded commands chatbot]
2021-10-30 20:54:40 [[32minfo[39m [[36mCommands[39m] Loaded commands profile]
2021-10-30 20:54:40 [[32minfo[39m [[36mCommands[39m] Loaded commands restaurant]
2021-10-30 20:54:40 [[32minfo[39m [[36mCommands[39m] Loaded commands work]
2021-10-30 20:54:40 [[32minfo[39m [[36mCommands[39m] Loaded commands botinfo]
2021-10-30 20:54:40 [[32minfo[39m [[36mCommands[39m] Loaded commands ping]
2021-10-30 20:54:40 [[32minfo[39m [[36mClient[39m] Set client presence]
2021-10-30 20:54:40 [[32minfo[39m [[36mDiscord API[39m] Logged in as Nya#2948]
2021-10-30 20:56:32 [[32minfo[39m [[36mDatabase[39m] Server connected to the MongoDB Database]
2021-10-30 20:56:33 [[32minfo[39m [[36mCommands[39m] Loaded commands setlang]
2021-10-30 20:56:33 [[32minfo[39m [[36mCommands[39m] Loaded commands chatbot]
2021-10-30 20:56:33 [[32minfo[39m [[36mCommands[39m] Loaded commands profile]
2021-10-30 20:56:33 [[32minfo[39m [[36mCommands[39m] Loaded commands restaurant]
2021-10-30 20:56:33 [[32minfo[39m [[36mCommands[39m] Loaded commands work]
2021-10-30 20:56:33 [[32minfo[39m [[36mCommands[39m] Loaded commands botinfo]
2021-10-30 20:56:33 [[32minfo[39m [[36mCommands[39m] Loaded commands ping]
2021-10-30 20:56:33 [[32minfo[39m [[36mClient[39m] Set client presence]
2021-10-30 20:56:33 [[32minfo[39m [[36mDiscord API[39m] Logged in as Nya#2948]
2021-10-30 20:57:30 [[32minfo[39m [[36mCommands[39m] Loaded commands setlang]
2021-10-30 20:57:30 [[32minfo[39m [[36mCommands[39m] Loaded commands chatbot]
2021-10-30 20:57:30 [[32minfo[39m [[36mCommands[39m] Loaded commands profile]
2021-10-30 20:57:30 [[32minfo[39m [[36mCommands[39m] Loaded commands restaurant]
2021-10-30 20:57:30 [[32minfo[39m [[36mCommands[39m] Loaded commands work]
2021-10-30 20:57:30 [[32minfo[39m [[36mCommands[39m] Loaded commands botinfo]
2021-10-30 20:57:30 [[32minfo[39m [[36mCommands[39m] Loaded commands ping]
2021-10-30 20:57:30 [[32minfo[39m [[36mDatabase[39m] Server connected to the MongoDB Database]
2021-10-30 20:57:30 [[32minfo[39m [[36mClient[39m] Set client presence]
2021-10-30 20:57:30 [[32minfo[39m [[36mDiscord API[39m] Logged in as Nya#2948]
2021-10-30 21:14:07 [[32minfo[39m [[36mDatabase[39m] Server connected to the MongoDB Database]
2021-10-30 21:14:08 [[32minfo[39m [[36mCommands[39m] Loaded commands setlang]
2021-10-30 21:14:08 [[32minfo[39m [[36mCommands[39m] Loaded commands chatbot]
2021-10-30 21:14:08 [[32minfo[39m [[36mCommands[39m] Loaded commands profile]
2021-10-30 21:14:08 [[32minfo[39m [[36mCommands[39m] Loaded commands restaurant]
2021-10-30 21:14:08 [[32minfo[39m [[36mCommands[39m] Loaded commands work]
2021-10-30 21:14:08 [[32minfo[39m [[36mCommands[39m] Loaded commands botinfo]
2021-10-30 21:14:08 [[32minfo[39m [[36mCommands[39m] Loaded commands ping]
2021-10-30 21:14:08 [[32minfo[39m [[36mClient[39m] Set client presence]
2021-10-30 21:14:08 [[32minfo[39m [[36mDiscord API[39m] Logged in as Nya#2948]
2021-10-30 21:15:35 [[32minfo[39m [[36mDatabase[39m] Server connected to the MongoDB Database]
2021-10-30 21:15:36 [[32minfo[39m [[36mCommands[39m] Loaded commands setlang]
2021-10-30 21:15:36 [[32minfo[39m [[36mCommands[39m] Loaded commands chatbot]
2021-10-30 21:15:36 [[32minfo[39m [[36mCommands[39m] Loaded commands profile]
2021-10-30 21:15:36 [[32minfo[39m [[36mCommands[39m] Loaded commands restaurant]
2021-10-30 21:15:36 [[32minfo[39m [[36mCommands[39m] Loaded commands work]
2021-10-30 21:15:36 [[32minfo[39m [[36mCommands[39m] Loaded commands botinfo]
2021-10-30 21:15:36 [[32minfo[39m [[36mCommands[39m] Loaded commands ping]
2021-10-30 21:15:36 [[32minfo[39m [[36mClient[39m] Set client presence]
2021-10-30 21:15:36 [[32minfo[39m [[36mDiscord API[39m] Logged in as Nya#2948]
2021-10-30 21:17:13 [[32minfo[39m [[36mCommands[39m] Loaded commands setlang]
2021-10-30 21:17:13 [[32minfo[39m [[36mCommands[39m] Loaded commands chatbot]
2021-10-30 21:17:13 [[32minfo[39m [[36mCommands[39m] Loaded commands profile]
2021-10-30 21:17:13 [[32minfo[39m [[36mCommands[39m] Loaded commands restaurant]
2021-10-30 21:17:13 [[32minfo[39m [[36mCommands[39m] Loaded commands work]
2021-10-30 21:17:13 [[32minfo[39m [[36mCommands[39m] Loaded commands botinfo]
2021-10-30 21:17:13 [[32minfo[39m [[36mCommands[39m] Loaded commands ping]
2021-10-30 21:17:13 [[32minfo[39m [[36mDatabase[39m] Server connected to the MongoDB Database]
2021-10-30 21:17:13 [[32minfo[39m [[36mClient[39m] Set client presence]
2021-10-30 21:17:13 [[32minfo[39m [[36mDiscord API[39m] Logged in as Nya#2948]
2021-10-30 21:17:31 [[32minfo[39m [[36mDatabase[39m] Server connected to the MongoDB Database]
2021-10-30 21:17:32 [[32minfo[39m [[36mCommands[39m] Loaded commands setlang]
2021-10-30 21:17:32 [[32minfo[39m [[36mCommands[39m] Loaded commands chatbot]
2021-10-30 21:17:32 [[32minfo[39m [[36mCommands[39m] Loaded commands profile]
2021-10-30 21:17:32 [[32minfo[39m [[36mCommands[39m] Loaded commands restaurant]
2021-10-30 21:17:32 [[32minfo[39m [[36mCommands[39m] Loaded commands work]
2021-10-30 21:17:32 [[32minfo[39m [[36mCommands[39m] Loaded commands botinfo]
2021-10-30 21:17:32 [[32minfo[39m [[36mCommands[39m] Loaded commands ping]
2021-10-30 21:17:32 [[32minfo[39m [[36mClient[39m] Set client presence]
2021-10-30 21:17:32 [[32minfo[39m [[36mDiscord API[39m] Logged in as Nya#2948]
2021-10-30 21:18:11 [[32minfo[39m [[36mCommands[39m] Loaded commands setlang]
2021-10-30 21:18:11 [[32minfo[39m [[36mCommands[39m] Loaded commands chatbot]
2021-10-30 21:18:11 [[32minfo[39m [[36mCommands[39m] Loaded commands profile]
2021-10-30 21:18:11 [[32minfo[39m [[36mCommands[39m] Loaded commands restaurant]
2021-10-30 21:18:11 [[32minfo[39m [[36mCommands[39m] Loaded commands work]
2021-10-30 21:18:11 [[32minfo[39m [[36mCommands[39m] Loaded commands botinfo]
2021-10-30 21:18:11 [[32minfo[39m [[36mCommands[39m] Loaded commands ping]
2021-10-30 21:18:11 [[32minfo[39m [[36mDatabase[39m] Server connected to the MongoDB Database]
2021-10-30 21:18:14 [[32minfo[39m [[36mClient[39m] Set client presence]
2021-10-30 21:18:14 [[32minfo[39m [[36mDiscord API[39m] Logged in as Nya#2948]
2021-10-30 21:19:01 [[32minfo[39m [[36mDatabase[39m] Server connected to the MongoDB Database]
2021-10-30 21:19:01 [[32minfo[39m [[36mCommands[39m] Loaded commands setlang]
2021-10-30 21:19:01 [[32minfo[39m [[36mCommands[39m] Loaded commands chatbot]
2021-10-30 21:19:01 [[32minfo[39m [[36mCommands[39m] Loaded commands profile]
2021-10-30 21:19:01 [[32minfo[39m [[36mCommands[39m] Loaded commands restaurant]
2021-10-30 21:19:01 [[32minfo[39m [[36mCommands[39m] Loaded commands work]
2021-10-30 21:19:01 [[32minfo[39m [[36mCommands[39m] Loaded commands botinfo]
2021-10-30 21:19:01 [[32minfo[39m [[36mCommands[39m] Loaded commands ping]
2021-10-30 21:19:01 [[32minfo[39m [[36mClient[39m] Set client presence]
2021-10-30 21:19:01 [[32minfo[39m [[36mDiscord API[39m] Logged in as Nya#2948]
2021-10-30 21:20:27 [[32minfo[39m [[36mDatabase[39m] Server connected to the MongoDB Database]
2021-10-30 21:20:27 [[32minfo[39m [[36mCommands[39m] Loaded commands setlang]
2021-10-30 21:20:27 [[32minfo[39m [[36mCommands[39m] Loaded commands chatbot]
2021-10-30 21:20:27 [[32minfo[39m [[36mCommands[39m] Loaded commands profile]
2021-10-30 21:20:27 [[32minfo[39m [[36mCommands[39m] Loaded commands restaurant]
2021-10-30 21:20:27 [[32minfo[39m [[36mCommands[39m] Loaded commands work]
2021-10-30 21:20:27 [[32minfo[39m [[36mCommands[39m] Loaded commands botinfo]
2021-10-30 21:20:27 [[32minfo[39m [[36mCommands[39m] Loaded commands ping]
2021-10-30 21:20:28 [[32minfo[39m [[36mClient[39m] Set client presence]
2021-10-30 21:20:28 [[32minfo[39m [[36mDiscord API[39m] Logged in as Nya#2948]
2021-10-30 21:22:24 [[32minfo[39m [[36mDatabase[39m] Server connected to the MongoDB Database]
2021-10-30 21:22:24 [[32minfo[39m [[36mCommands[39m] Loaded commands setlang]
2021-10-30 21:22:24 [[32minfo[39m [[36mCommands[39m] Loaded commands chatbot]
2021-10-30 21:22:24 [[32minfo[39m [[36mCommands[39m] Loaded commands profile]
2021-10-30 21:22:24 [[32minfo[39m [[36mCommands[39m] Loaded commands restaurant]
2021-10-30 21:22:24 [[32minfo[39m [[36mCommands[39m] Loaded commands work]
2021-10-30 21:22:24 [[32minfo[39m [[36mCommands[39m] Loaded commands botinfo]
2021-10-30 21:22:24 [[32minfo[39m [[36mCommands[39m] Loaded commands ping]
2021-10-30 21:22:24 [[32minfo[39m [[36mClient[39m] Set client presence]
2021-10-30 21:22:24 [[32minfo[39m [[36mDiscord API[39m] Logged in as Nya#2948]
2021-10-30 21:22:42 [[32minfo[39m [[36mDatabase[39m] Server connected to the MongoDB Database]
2021-10-30 21:22:42 [[32minfo[39m [[36mCommands[39m] Loaded commands setlang]
2021-10-30 21:22:42 [[32minfo[39m [[36mCommands[39m] Loaded commands chatbot]
2021-10-30 21:22:42 [[32minfo[39m [[36mCommands[39m] Loaded commands profile]
2021-10-30 21:22:42 [[32minfo[39m [[36mCommands[39m] Loaded commands restaurant]
2021-10-30 21:22:42 [[32minfo[39m [[36mCommands[39m] Loaded commands work]
2021-10-30 21:22:42 [[32minfo[39m [[36mCommands[39m] Loaded commands botinfo]
2021-10-30 21:22:42 [[32minfo[39m [[36mCommands[39m] Loaded commands ping]
2021-10-30 21:22:42 [[32minfo[39m [[36mClient[39m] Set client presence]
2021-10-30 21:22:42 [[32minfo[39m [[36mDiscord API[39m] Logged in as Nya#2948]
2021-10-30 21:23:17 [[32minfo[39m [[36mDatabase[39m] Server connected to the MongoDB Database]
2021-10-30 21:23:17 [[32minfo[39m [[36mCommands[39m] Loaded commands setlang]
2021-10-30 21:23:17 [[32minfo[39m [[36mCommands[39m] Loaded commands chatbot]
2021-10-30 21:23:17 [[32minfo[39m [[36mCommands[39m] Loaded commands profile]
2021-10-30 21:23:17 [[32minfo[39m [[36mCommands[39m] Loaded commands restaurant]
2021-10-30 21:23:17 [[32minfo[39m [[36mCommands[39m] Loaded commands work]
2021-10-30 21:23:17 [[32minfo[39m [[36mCommands[39m] Loaded commands botinfo]
2021-10-30 21:23:17 [[32minfo[39m [[36mCommands[39m] Loaded commands ping]
2021-10-30 21:23:25 [[32minfo[39m [[36mClient[39m] Set client presence]
2021-10-30 21:23:25 [[32minfo[39m [[36mDiscord API[39m] Logged in as Nya#2948]
2021-10-30 21:24:05 [[32minfo[39m [[36mDatabase[39m] Server connected to the MongoDB Database]
2021-10-30 21:24:05 [[32minfo[39m [[36mCommands[39m] Loaded commands setlang]
2021-10-30 21:24:05 [[32minfo[39m [[36mCommands[39m] Loaded commands chatbot]
2021-10-30 21:24:05 [[32minfo[39m [[36mCommands[39m] Loaded commands profile]
2021-10-30 21:24:05 [[32minfo[39m [[36mCommands[39m] Loaded commands restaurant]
2021-10-30 21:24:05 [[32minfo[39m [[36mCommands[39m] Loaded commands work]
2021-10-30 21:24:05 [[32minfo[39m [[36mCommands[39m] Loaded commands botinfo]
2021-10-30 21:24:05 [[32minfo[39m [[36mCommands[39m] Loaded commands ping]
2021-10-30 21:24:05 [[32minfo[39m [[36mClient[39m] Set client presence]
2021-10-30 21:24:05 [[32minfo[39m [[36mDiscord API[39m] Logged in as Nya#2948]
2021-10-30 21:24:29 [[32minfo[39m [[36mDatabase[39m] Server connected to the MongoDB Database]
2021-10-30 21:24:29 [[32minfo[39m [[36mCommands[39m] Loaded commands setlang]
2021-10-30 21:24:29 [[32minfo[39m [[36mCommands[39m] Loaded commands chatbot]
2021-10-30 21:24:29 [[32minfo[39m [[36mCommands[39m] Loaded commands profile]
2021-10-30 21:24:29 [[32minfo[39m [[36mCommands[39m] Loaded commands restaurant]
2021-10-30 21:24:29 [[32minfo[39m [[36mCommands[39m] Loaded commands work]
2021-10-30 21:24:29 [[32minfo[39m [[36mCommands[39m] Loaded commands botinfo]
2021-10-30 21:24:29 [[32minfo[39m [[36mCommands[39m] Loaded commands ping]
2021-10-30 21:24:29 [[32minfo[39m [[36mClient[39m] Set client presence]
2021-10-30 21:24:29 [[32minfo[39m [[36mDiscord API[39m] Logged in as Nya#2948]
2021-10-30 21:28:30 [[32minfo[39m [[36mDatabase[39m] Server connected to the MongoDB Database]
2021-10-30 21:28:30 [[32minfo[39m [[36mCommands[39m] Loaded commands setlang]
2021-10-30 21:28:30 [[32minfo[39m [[36mCommands[39m] Loaded commands chatbot]
2021-10-30 21:28:30 [[32minfo[39m [[36mCommands[39m] Loaded commands profile]
2021-10-30 21:28:30 [[32minfo[39m [[36mCommands[39m] Loaded commands restaurant]
2021-10-30 21:28:30 [[32minfo[39m [[36mCommands[39m] Loaded commands work]
2021-10-30 21:28:30 [[32minfo[39m [[36mCommands[39m] Loaded commands botinfo]
2021-10-30 21:28:30 [[32minfo[39m [[36mCommands[39m] Loaded commands ping]
2021-10-30 21:28:48 [[32minfo[39m [[36mDatabase[39m] Server connected to the MongoDB Database]
2021-10-30 21:28:48 [[32minfo[39m [[36mCommands[39m] Loaded commands setlang]
2021-10-30 21:28:48 [[32minfo[39m [[36mCommands[39m] Loaded commands chatbot]
2021-10-30 21:28:48 [[32minfo[39m [[36mCommands[39m] Loaded commands profile]
2021-10-30 21:28:48 [[32minfo[39m [[36mCommands[39m] Loaded commands restaurant]
2021-10-30 21:28:48 [[32minfo[39m [[36mCommands[39m] Loaded commands work]
2021-10-30 21:28:48 [[32minfo[39m [[36mCommands[39m] Loaded commands botinfo]
2021-10-30 21:28:48 [[32minfo[39m [[36mCommands[39m] Loaded commands ping]
2021-10-30 21:28:48 [[32minfo[39m [[36mClient[39m] Set client presence]
2021-10-30 21:28:48 [[32minfo[39m [[36mDiscord API[39m] Logged in as Nya#2948]
2021-10-30 21:35:05 [[32minfo[39m [[36mDatabase[39m] Server connected to the MongoDB Database]
2021-10-30 21:35:05 [[32minfo[39m [[36mCommands[39m] Loaded commands setlang]
2021-10-30 21:35:05 [[32minfo[39m [[36mCommands[39m] Loaded commands chatbot]
2021-10-30 21:35:05 [[32minfo[39m [[36mCommands[39m] Loaded commands profile]
2021-10-30 21:35:05 [[32minfo[39m [[36mCommands[39m] Loaded commands restaurant]
2021-10-30 21:35:05 [[32minfo[39m [[36mCommands[39m] Loaded commands work]
2021-10-30 21:35:05 [[32minfo[39m [[36mCommands[39m] Loaded commands botinfo]
2021-10-30 21:35:05 [[32minfo[39m [[36mCommands[39m] Loaded commands ping]
2021-10-30 21:35:05 [[32minfo[39m [[36mClient[39m] Set client presence]
2021-10-30 21:35:05 [[32minfo[39m [[36mDiscord API[39m] Logged in as Nya#2948]
2021-10-30 21:35:27 [[32minfo[39m [[36mDatabase[39m] Server connected to the MongoDB Database]
2021-10-30 21:35:27 [[32minfo[39m [[36mCommands[39m] Loaded commands setlang]
2021-10-30 21:35:27 [[32minfo[39m [[36mCommands[39m] Loaded commands chatbot]
2021-10-30 21:35:27 [[32minfo[39m [[36mCommands[39m] Loaded commands profile]
2021-10-30 21:35:27 [[32minfo[39m [[36mCommands[39m] Loaded commands restaurant]
2021-10-30 21:35:27 [[32minfo[39m [[36mCommands[39m] Loaded commands work]
2021-10-30 21:35:27 [[32minfo[39m [[36mCommands[39m] Loaded commands botinfo]
2021-10-30 21:35:27 [[32minfo[39m [[36mCommands[39m] Loaded commands ping]
2021-10-30 21:35:27 [[32minfo[39m [[36mClient[39m] Set client presence]
2021-10-30 21:35:27 [[32minfo[39m [[36mDiscord API[39m] Logged in as Nya#2948]
2021-10-30 21:36:40 [[32minfo[39m [[36mDatabase[39m] Server connected to the MongoDB Database]
2021-10-30 21:36:40 [[32minfo[39m [[36mCommands[39m] Loaded commands setlang]
2021-10-30 21:36:40 [[32minfo[39m [[36mCommands[39m] Loaded commands chatbot]
2021-10-30 21:36:40 [[32minfo[39m [[36mCommands[39m] Loaded commands profile]
2021-10-30 21:36:40 [[32minfo[39m [[36mCommands[39m] Loaded commands restaurant]
2021-10-30 21:36:40 [[32minfo[39m [[36mCommands[39m] Loaded commands work]
2021-10-30 21:36:40 [[32minfo[39m [[36mCommands[39m] Loaded commands botinfo]
2021-10-30 21:36:40 [[32minfo[39m [[36mCommands[39m] Loaded commands ping]
2021-10-30 21:36:41 [[32minfo[39m [[36mClient[39m] Set client presence]
2021-10-30 21:36:41 [[32minfo[39m [[36mDiscord API[39m] Logged in as Nya#2948]
2021-10-30 21:45:51 [[32minfo[39m [[36mDatabase[39m] Server connected to the MongoDB Database]
2021-10-30 21:46:07 [[32minfo[39m [[36mDatabase[39m] Server connected to the MongoDB Database]
2021-10-30 21:47:27 [[32minfo[39m [[36mDatabase[39m] Server connected to the MongoDB Database]
2021-10-30 21:47:27 [[32minfo[39m [[36mCommands[39m] Loaded commands setlang]
2021-10-30 21:47:27 [[32minfo[39m [[36mCommands[39m] Loaded commands chatbot]
2021-10-30 21:47:27 [[32minfo[39m [[36mCommands[39m] Loaded commands profile]
2021-10-30 21:47:27 [[32minfo[39m [[36mCommands[39m] Loaded commands restaurant]
2021-10-30 21:47:27 [[32minfo[39m [[36mCommands[39m] Loaded commands work]
2021-10-30 21:47:27 [[32minfo[39m [[36mCommands[39m] Loaded commands botinfo]
2021-10-30 21:47:27 [[32minfo[39m [[36mCommands[39m] Loaded commands ping]
2021-10-30 21:47:27 [[32minfo[39m [[36mClient[39m] Set client presence]
2021-10-30 21:47:27 [[32minfo[39m [[36mDiscord API[39m] Logged in as Nya Canary#2344]
2021-10-31 10:19:08 [[32minfo[39m [[36mDatabase[39m] Server connected to the MongoDB Database]
2021-10-31 10:19:08 [[32minfo[39m [[36mCommands[39m] Loaded commands setlang]
2021-10-31 10:19:08 [[32minfo[39m [[36mCommands[39m] Loaded commands chatbot]
2021-10-31 10:19:08 [[32minfo[39m [[36mCommands[39m] Loaded commands profile]
2021-10-31 10:19:08 [[32minfo[39m [[36mCommands[39m] Loaded commands restaurant]
2021-10-31 10:19:08 [[32minfo[39m [[36mCommands[39m] Loaded commands work]
2021-10-31 10:19:08 [[32minfo[39m [[36mCommands[39m] Loaded commands botinfo]
2021-10-31 10:19:08 [[32minfo[39m [[36mCommands[39m] Loaded commands ping]
2021-10-31 10:19:08 [[32minfo[39m [[36mClient[39m] Set client presence]
2021-10-31 10:19:08 [[32minfo[39m [[36mDiscord API[39m] Logged in as Nya Canary#2344]
2021-10-31 10:21:19 [[32minfo[39m [[36mDatabase[39m] Server connected to the MongoDB Database]
2021-10-31 10:21:19 [[32minfo[39m [[36mCommands[39m] Loaded commands setlang]
2021-10-31 10:21:19 [[32minfo[39m [[36mCommands[39m] Loaded commands chatbot]
2021-10-31 10:21:19 [[32minfo[39m [[36mCommands[39m] Loaded commands profile]
2021-10-31 10:21:19 [[32minfo[39m [[36mCommands[39m] Loaded commands restaurant]
2021-10-31 10:21:19 [[32minfo[39m [[36mCommands[39m] Loaded commands work]
2021-10-31 10:21:19 [[32minfo[39m [[36mCommands[39m] Loaded commands botinfo]
2021-10-31 10:21:19 [[32minfo[39m [[36mCommands[39m] Loaded commands ping]
2021-10-31 10:21:19 [[32minfo[39m [[36mClient[39m] Set client presence]
2021-10-31 10:21:19 [[32minfo[39m [[36mDiscord API[39m] Logged in as Nya Canary#2344]
2021-10-31 10:21:34 [[32minfo[39m [[36mDatabase[39m] Server connected to the MongoDB Database]
2021-10-31 10:21:34 [[32minfo[39m [[36mCommands[39m] Loaded commands setlang]
2021-10-31 10:21:34 [[32minfo[39m [[36mCommands[39m] Loaded commands chatbot]
2021-10-31 10:21:34 [[32minfo[39m [[36mCommands[39m] Loaded commands profile]
2021-10-31 10:21:34 [[32minfo[39m [[36mCommands[39m] Loaded commands restaurant]
2021-10-31 10:21:34 [[32minfo[39m [[36mCommands[39m] Loaded commands work]
2021-10-31 10:21:34 [[32minfo[39m [[36mCommands[39m] Loaded commands botinfo]
2021-10-31 10:21:34 [[32minfo[39m [[36mCommands[39m] Loaded commands ping]
2021-10-31 10:21:34 [[32minfo[39m [[36mClient[39m] Set client presence]
2021-10-31 10:21:34 [[32minfo[39m [[36mDiscord API[39m] Logged in as Nya Canary#2344]
2021-10-31 10:24:00 [[32minfo[39m [[36mDatabase[39m] Server connected to the MongoDB Database]
2021-10-31 10:24:00 [[32minfo[39m [[36mCommands[39m] Loaded commands setlang]
2021-10-31 10:24:00 [[32minfo[39m [[36mCommands[39m] Loaded commands chatbot]
2021-10-31 10:24:00 [[32minfo[39m [[36mCommands[39m] Loaded commands profile]
2021-10-31 10:24:00 [[32minfo[39m [[36mCommands[39m] Loaded commands restaurant]
2021-10-31 10:24:00 [[32minfo[39m [[36mCommands[39m] Loaded commands work]
2021-10-31 10:24:00 [[32minfo[39m [[36mCommands[39m] Loaded commands botinfo]
2021-10-31 10:24:00 [[32minfo[39m [[36mCommands[39m] Loaded commands ping]
2021-10-31 10:24:11 [[32minfo[39m [[36mCommands[39m] Loaded commands setlang]
2021-10-31 10:24:11 [[32minfo[39m [[36mCommands[39m] Loaded commands chatbot]
2021-10-31 10:24:11 [[32minfo[39m [[36mCommands[39m] Loaded commands profile]
2021-10-31 10:24:11 [[32minfo[39m [[36mCommands[39m] Loaded commands restaurant]
2021-10-31 10:24:11 [[32minfo[39m [[36mCommands[39m] Loaded commands work]
2021-10-31 10:24:11 [[32minfo[39m [[36mCommands[39m] Loaded commands botinfo]
2021-10-31 10:24:11 [[32minfo[39m [[36mCommands[39m] Loaded commands ping]
2021-10-31 10:24:11 [[32minfo[39m [[36mDatabase[39m] Server connected to the MongoDB Database]
2021-10-31 10:24:11 [[32minfo[39m [[36mClient[39m] Set client presence]
2021-10-31 10:24:11 [[32minfo[39m [[36mDiscord API[39m] Logged in as Nya Canary#2344]
2021-10-31 10:38:21 [[32minfo[39m [[36mDatabase[39m] Server connected to the MongoDB Database]
2021-10-31 10:38:21 [[32minfo[39m [[36mCommands[39m] Loaded commands setlang]
2021-10-31 10:38:21 [[32minfo[39m [[36mCommands[39m] Loaded commands chatbot]
2021-10-31 10:38:21 [[32minfo[39m [[36mCommands[39m] Loaded commands profile]
2021-10-31 10:38:21 [[32minfo[39m [[36mCommands[39m] Loaded commands restaurant]
2021-10-31 10:38:21 [[32minfo[39m [[36mCommands[39m] Loaded commands work]
2021-10-31 10:38:21 [[32minfo[39m [[36mCommands[39m] Loaded commands botinfo]
2021-10-31 10:38:21 [[32minfo[39m [[36mCommands[39m] Loaded commands ping]
2021-10-31 10:38:22 [[32minfo[39m [[36mClient[39m] Set client presence]
2021-10-31 10:38:22 [[32minfo[39m [[36mDiscord API[39m] Logged in as Nya Canary#2344]
2021-10-31 10:40:21 [[32minfo[39m [[36mDatabase[39m] Server connected to the MongoDB Database]
2021-10-31 10:40:21 [[32minfo[39m [[36mCommands[39m] Loaded commands setlang]
2021-10-31 10:40:21 [[32minfo[39m [[36mCommands[39m] Loaded commands chatbot]
2021-10-31 10:40:21 [[32minfo[39m [[36mCommands[39m] Loaded commands profile]
2021-10-31 10:40:21 [[32minfo[39m [[36mCommands[39m] Loaded commands restaurant]
2021-10-31 10:40:21 [[32minfo[39m [[36mCommands[39m] Loaded commands work]
2021-10-31 10:40:21 [[32minfo[39m [[36mCommands[39m] Loaded commands botinfo]
2021-10-31 10:40:21 [[32minfo[39m [[36mCommands[39m] Loaded commands ping]
2021-10-31 10:40:21 [[32minfo[39m [[36mClient[39m] Set client presence]
2021-10-31 10:40:21 [[32minfo[39m [[36mDiscord API[39m] Logged in as Nya Canary#2344]
