2021-10-28 17:17:27 [[31merror[39m [[36mDatabase[39m] option usecreateindex is not supported]
2021-10-28 17:17:48 [[31merror[39m [[36mDatabase[39m] Mongoose connection lost]
2021-10-28 17:17:48 [[31merror[39m [[36mDatabase[39m] bad auth : Authentication failed.]
2021-10-28 17:18:18 [[31merror[39m [[36mDatabase[39m] Mongoose connection lost]
2021-10-28 17:18:18 [[31merror[39m [[36mDatabase[39m] bad auth : Authentication failed.]
2021-10-28 17:20:31 [[31merror[39m [[36mDatabase[39m] Mongoose connection lost]
2021-10-28 17:20:31 [[31merror[39m [[36mDatabase[39m] bad auth : Authentication failed.]
2021-10-28 17:20:41 [[31merror[39m [[36mDatabase[39m] Mongoose connection lost]
2021-10-28 17:20:41 [[31merror[39m [[36mDatabase[39m] bad auth : Authentication failed.]
2021-10-28 17:20:48 [[31merror[39m [[36mDatabase[39m] Mongoose connection lost]
2021-10-28 17:20:48 [[31merror[39m [[36mDatabase[39m] bad auth : Authentication failed.]
2021-10-28 17:21:01 [[31merror[39m [[36mDatabase[39m] Mongoose connection lost]
2021-10-28 17:21:01 [[31merror[39m [[36mDatabase[39m] bad auth : Authentication failed.]
2021-10-28 17:26:58 [[31merror[39m [[36mDatabase[39m] Mongoose connection lost]
2021-10-28 17:26:58 [[31merror[39m [[36mDatabase[39m] bad auth : Authentication failed.]
2021-10-28 18:00:29 [[32minfo[39m [[36mDatabase[39m] Server connected to the MongoDB Database]
2021-10-28 18:06:36 [[32minfo[39m [[36mDatabase[39m] Server connected to the MongoDB Database]
2021-10-28 18:06:36 [[32minfo[39m [[36mDatabase[39m] Logged in as Wave#2640]
2021-10-28 18:06:46 [[32minfo[39m [[36mDatabase[39m] Server connected to the MongoDB Database]
2021-10-28 18:06:46 [[32minfo[39m [[36mDiscord API[39m] Logged in as Wave#2640]
2021-10-28 18:31:28 [[32minfo[39m [[36mDatabase[39m] Server connected to the MongoDB Database]
2021-10-28 18:31:28 [[32minfo[39m [[36mDiscord API[39m] Logged in as Wave#2640]
2021-10-28 18:31:52 [[32minfo[39m [[36mDatabase[39m] Server connected to the MongoDB Database]
2021-10-28 18:31:53 [[32minfo[39m [[36mDiscord API[39m] Logged in as Wave#2640]
2021-10-28 18:32:04 [[32minfo[39m [[36mDatabase[39m] Server connected to the MongoDB Database]
2021-10-28 18:32:04 [[32minfo[39m [[36mDiscord API[39m] Logged in as Wave#2640]
2021-10-28 18:32:22 [[32minfo[39m [[36mDatabase[39m] Server connected to the MongoDB Database]
2021-10-28 18:32:22 [[32minfo[39m [[36mDiscord API[39m] Logged in as Wave#2640]
2021-10-28 18:37:57 [[32minfo[39m [[36mDatabase[39m] Server connected to the MongoDB Database]
2021-10-28 18:37:57 [[32minfo[39m [[36mDiscord API[39m] Logged in as Wave#2640]
2021-10-28 19:07:38 [[32minfo[39m [[36mDatabase[39m] Server connected to the MongoDB Database]
2021-10-28 19:07:38 [[32minfo[39m [[36mDiscord API[39m] Logged in as Wave#2640]
2021-10-28 19:10:23 [[32minfo[39m [[36mDatabase[39m] Server connected to the MongoDB Database]
2021-10-28 19:10:24 [[32minfo[39m [[36mDiscord API[39m] Logged in as Wave#2640]
2021-10-28 19:12:17 [[32minfo[39m [[36mDatabase[39m] Server connected to the MongoDB Database]
2021-10-28 19:12:17 [[32minfo[39m [[36mDiscord API[39m] Logged in as Wave#2640]
2021-10-28 19:12:32 [[32minfo[39m [[36mDatabase[39m] Server connected to the MongoDB Database]
2021-10-28 19:12:32 [[32minfo[39m [[36mDiscord API[39m] Logged in as Wave#2640]
2021-10-28 19:12:34 [[32minfo[39m [[36mundefined[39m] undefined command ran.]
2021-10-28 19:17:25 [[32minfo[39m [[36mDatabase[39m] Server connected to the MongoDB Database]
2021-10-28 19:17:25 [[32minfo[39m [[36mDiscord API[39m] Logged in as Wave#2640]
2021-10-28 19:18:43 [[32minfo[39m [[36mDatabase[39m] Server connected to the MongoDB Database]
2021-10-28 19:18:43 [[32minfo[39m [[36mDiscord API[39m] Logged in as Wave#2640]
2021-10-28 19:19:59 [[32minfo[39m [[36mDatabase[39m] Server connected to the MongoDB Database]
2021-10-28 19:19:59 [[32minfo[39m [[36mDiscord API[39m] Logged in as Wave#2640]
2021-10-28 19:25:36 [[32minfo[39m [[36mDatabase[39m] Server connected to the MongoDB Database]
2021-10-28 19:25:36 [[32minfo[39m [[36mDiscord API[39m] Logged in as Wave#2640]
2021-10-28 19:26:28 [[32minfo[39m [[36mDatabase[39m] Server connected to the MongoDB Database]
2021-10-28 19:26:28 [[32minfo[39m [[36mDiscord API[39m] Logged in as Wave#2640]
2021-10-28 21:04:22 [[32minfo[39m [[36mDatabase[39m] Server connected to the MongoDB Database]
2021-10-28 21:04:22 [[32minfo[39m [[36mDiscord API[39m] Logged in as Wave#2640]
2021-10-28 21:05:15 [[32minfo[39m [[36mDatabase[39m] Server connected to the MongoDB Database]
2021-10-28 21:05:15 [[32minfo[39m [[36mDiscord API[39m] Logged in as Wave#2640]
2021-10-29 08:00:10 [[32minfo[39m [[36mDatabase[39m] Server connected to the MongoDB Database]
2021-10-29 08:00:31 [[32minfo[39m [[36mDatabase[39m] Server connected to the MongoDB Database]
2021-10-29 08:00:32 [[32minfo[39m [[36mundefined[39m] Loaded command undefined]
2021-10-29 08:00:32 [[32minfo[39m [[36mDiscord API[39m] Logged in as Wave#2640]
2021-10-29 08:02:10 [[32minfo[39m [[36mDatabase[39m] Server connected to the MongoDB Database]
2021-10-29 08:02:11 [[32minfo[39m [[36mDiscord API[39m] Loaded commands]
2021-10-29 08:02:11 [[32minfo[39m [[36mDiscord API[39m] Logged in as Wave#2640]
2021-10-29 08:02:30 [[32minfo[39m [[36mDatabase[39m] Server connected to the MongoDB Database]
2021-10-29 08:02:31 [[32minfo[39m [[36mDiscord API[39m] Loaded commands]
2021-10-29 08:02:31 [[32minfo[39m [[36mDiscord API[39m] Logged in as Wave#2640]
2021-10-29 08:55:47 [[32minfo[39m [[36mDatabase[39m] Server connected to the MongoDB Database]
2021-10-29 08:55:47 [[32minfo[39m [[36mDiscord API[39m] Loaded commands]
2021-10-29 08:55:47 [[32minfo[39m [[36mDiscord API[39m] Logged in as Wave#2640]
2021-10-29 08:56:10 [[32minfo[39m [[36mDatabase[39m] Server connected to the MongoDB Database]
2021-10-29 08:56:10 [[32minfo[39m [[36mDiscord API[39m] Loaded commands]
2021-10-29 08:56:10 [[32minfo[39m [[36mDiscord API[39m] Logged in as Wave#2640]
2021-10-29 08:56:30 [[32minfo[39m [[36mDatabase[39m] Server connected to the MongoDB Database]
2021-10-29 08:57:59 [[32minfo[39m [[36mDatabase[39m] Server connected to the MongoDB Database]
2021-10-29 08:57:59 [[32minfo[39m [[36mDiscord API[39m] Loaded commands]
2021-10-29 08:57:59 [[32minfo[39m [[36mDiscord API[39m] Logged in as Wave#2640]
2021-10-29 09:05:16 [[32minfo[39m [[36mDatabase[39m] Server connected to the MongoDB Database]
2021-10-29 09:05:17 [[32minfo[39m [[36mDiscord API[39m] Loaded commands]
2021-10-29 09:05:17 [[32minfo[39m [[36mDiscord API[39m] Logged in as Wave#2640]
2021-10-29 09:06:47 [[32minfo[39m [[36mDatabase[39m] Server connected to the MongoDB Database]
2021-10-29 09:07:12 [[32minfo[39m [[36mDatabase[39m] Server connected to the MongoDB Database]
2021-10-29 09:07:12 [[32minfo[39m [[36mDiscord API[39m] Logged in as Wave#2640]
2021-10-29 09:07:48 [[32minfo[39m [[36mDatabase[39m] Server connected to the MongoDB Database]
2021-10-29 09:07:49 [[32minfo[39m [[36mDiscord API[39m] Logged in as Wave#2640]
2021-10-29 09:08:50 [[32minfo[39m [[36mDatabase[39m] Server connected to the MongoDB Database]
2021-10-29 09:08:50 [[32minfo[39m [[36mDiscord API[39m] Logged in as Wave#2640]
2021-10-29 09:09:03 [[32minfo[39m [[36mDatabase[39m] Server connected to the MongoDB Database]
2021-10-29 09:09:04 [[32minfo[39m [[36mDiscord API[39m] Logged in as Wave#2640]
2021-10-29 09:09:26 [[32minfo[39m [[36mDatabase[39m] Server connected to the MongoDB Database]
2021-10-29 09:09:41 [[32minfo[39m [[36mDatabase[39m] Server connected to the MongoDB Database]
2021-10-29 09:25:29 [[32minfo[39m [[36mDatabase[39m] Server connected to the MongoDB Database]
2021-10-29 09:25:30 [[32minfo[39m [[36mDiscord API[39m] Logged in as Wave#2640]
2021-10-29 09:32:11 [[32minfo[39m [[36mDatabase[39m] Server connected to the MongoDB Database]
2021-10-29 09:32:11 [[32minfo[39m [[36mDiscord API[39m] Logged in as Wave#2640]
2021-10-29 09:57:25 [[32minfo[39m [[36mDatabase[39m] Server connected to the MongoDB Database]
2021-10-29 09:57:26 [[32minfo[39m [[36mDiscord API[39m] Logged in as Wave#2640]
2021-10-29 09:59:41 [[32minfo[39m [[36mDatabase[39m] Server connected to the MongoDB Database]
2021-10-29 10:00:19 [[32minfo[39m [[36mDatabase[39m] Server connected to the MongoDB Database]
2021-10-29 10:00:30 [[32minfo[39m [[36mDatabase[39m] Server connected to the MongoDB Database]
2021-10-29 10:00:31 [[32minfo[39m [[36mCommands[39m] Loaded commands ping]
2021-10-29 10:00:31 [[32minfo[39m [[36mClient[39m] Set client presence]
2021-10-29 10:00:31 [[32minfo[39m [[36mDiscord API[39m] Logged in as Wave#2640]
2021-10-29 10:19:24 [[31merror[39m [[36mDatabase[39m] Mongoose connection lost]
2021-10-29 10:22:21 [[32minfo[39m [[36mDatabase[39m] Server connected to the MongoDB Database]
2021-10-29 10:22:21 [[32minfo[39m [[36mCommands[39m] Loaded commands ping]
2021-10-29 10:23:17 [[32minfo[39m [[36mDatabase[39m] Server connected to the MongoDB Database]
2021-10-29 10:23:17 [[32minfo[39m [[36mCommands[39m] Loaded commands ping]
2021-10-29 10:23:17 [[32minfo[39m [[36mClient[39m] Set client presence]
2021-10-29 10:23:17 [[32minfo[39m [[36mDiscord API[39m] Logged in as Wave#2640]
2021-10-29 10:25:44 [[32minfo[39m [[36mDatabase[39m] Server connected to the MongoDB Database]
2021-10-29 10:25:44 [[32minfo[39m [[36mCommands[39m] Loaded commands ping]
2021-10-29 10:25:59 [[32minfo[39m [[36mDatabase[39m] Server connected to the MongoDB Database]
2021-10-29 10:25:59 [[32minfo[39m [[36mCommands[39m] Loaded commands ping]
2021-10-29 10:25:59 [[32minfo[39m [[36mCommands[39m] Loaded commands ban]
2021-10-29 10:25:59 [[32minfo[39m [[36mClient[39m] Set client presence]
2021-10-29 10:25:59 [[32minfo[39m [[36mDiscord API[39m] Logged in as Wave#2640]
2021-10-29 10:27:08 [[32minfo[39m [[36mDatabase[39m] Server connected to the MongoDB Database]
2021-10-29 10:27:09 [[32minfo[39m [[36mCommands[39m] Loaded commands ping]
2021-10-29 10:27:09 [[32minfo[39m [[36mCommands[39m] Loaded commands ban]
2021-10-29 10:27:09 [[32minfo[39m [[36mClient[39m] Set client presence]
2021-10-29 10:27:09 [[32minfo[39m [[36mDiscord API[39m] Logged in as Wave#2640]
2021-10-29 10:27:38 [[32minfo[39m [[36mDatabase[39m] Server connected to the MongoDB Database]
2021-10-29 10:27:38 [[32minfo[39m [[36mCommands[39m] Loaded commands ping]
2021-10-29 10:27:38 [[32minfo[39m [[36mCommands[39m] Loaded commands ban]
2021-10-29 10:27:38 [[32minfo[39m [[36mClient[39m] Set client presence]
2021-10-29 10:27:38 [[32minfo[39m [[36mDiscord API[39m] Logged in as Wave#2640]
2021-10-29 10:42:04 [[32minfo[39m [[36mDatabase[39m] Server connected to the MongoDB Database]
2021-10-29 10:42:05 [[32minfo[39m [[36mCommands[39m] Loaded commands ping]
2021-10-29 10:42:05 [[32minfo[39m [[36mCommands[39m] Loaded commands ban]
2021-10-29 10:42:05 [[32minfo[39m [[36mClient[39m] Set client presence]
2021-10-29 10:42:05 [[32minfo[39m [[36mDiscord API[39m] Logged in as Wave#2640]
2021-10-29 10:56:47 [[32minfo[39m [[36mDatabase[39m] Server connected to the MongoDB Database]
2021-10-29 10:56:48 [[32minfo[39m [[36mCommands[39m] Loaded commands ping]
2021-10-29 10:56:48 [[32minfo[39m [[36mCommands[39m] Loaded commands ban]
2021-10-29 10:57:03 [[32minfo[39m [[36mDatabase[39m] Server connected to the MongoDB Database]
2021-10-29 10:57:03 [[32minfo[39m [[36mCommands[39m] Loaded commands ping]
2021-10-29 10:57:03 [[32minfo[39m [[36mCommands[39m] Loaded commands ban]
2021-10-29 10:57:03 [[32minfo[39m [[36mClient[39m] Set client presence]
2021-10-29 10:57:03 [[32minfo[39m [[36mDiscord API[39m] Logged in as Wave#2640]
2021-10-29 10:57:32 [[32minfo[39m [[36mDatabase[39m] Server connected to the MongoDB Database]
2021-10-29 10:57:32 [[32minfo[39m [[36mCommands[39m] Loaded commands ping]
2021-10-29 10:57:32 [[32minfo[39m [[36mCommands[39m] Loaded commands ban]
2021-10-29 10:57:48 [[32minfo[39m [[36mClient[39m] Set client presence]
2021-10-29 10:57:48 [[32minfo[39m [[36mDiscord API[39m] Logged in as Wave#2640]
2021-10-29 11:01:00 [[32minfo[39m [[36mDatabase[39m] Server connected to the MongoDB Database]
2021-10-29 11:01:00 [[32minfo[39m [[36mCommands[39m] Loaded commands ping]
2021-10-29 11:01:01 [[32minfo[39m [[36mCommands[39m] Loaded commands ban]
2021-10-29 11:01:01 [[32minfo[39m [[36mClient[39m] Set client presence]
2021-10-29 11:01:01 [[32minfo[39m [[36mDiscord API[39m] Logged in as Wave#2640]
2021-10-29 11:08:34 [[32minfo[39m [[36mDatabase[39m] Server connected to the MongoDB Database]
2021-10-29 11:08:34 [[32minfo[39m [[36mCommands[39m] Loaded commands ping]
2021-10-29 11:08:34 [[32minfo[39m [[36mCommands[39m] Loaded commands ban]
2021-10-29 11:08:34 [[32minfo[39m [[36mClient[39m] Set client presence]
2021-10-29 11:08:34 [[32minfo[39m [[36mDiscord API[39m] Logged in as Wave#2640]
2021-10-29 11:10:45 [[32minfo[39m [[36mDatabase[39m] Server connected to the MongoDB Database]
2021-10-29 11:10:45 [[32minfo[39m [[36mCommands[39m] Loaded commands ping]
2021-10-29 11:10:46 [[32minfo[39m [[36mCommands[39m] Loaded commands ban]
2021-10-29 11:10:46 [[32minfo[39m [[36mClient[39m] Set client presence]
2021-10-29 11:10:46 [[32minfo[39m [[36mDiscord API[39m] Logged in as Wave#2640]
2021-10-29 11:15:26 [[32minfo[39m [[36mDatabase[39m] Server connected to the MongoDB Database]
2021-10-29 11:15:26 [[32minfo[39m [[36mCommands[39m] Loaded commands ping]
2021-10-29 11:15:26 [[32minfo[39m [[36mCommands[39m] Loaded commands ban]
2021-10-29 11:15:26 [[32minfo[39m [[36mClient[39m] Set client presence]
2021-10-29 11:15:26 [[32minfo[39m [[36mDiscord API[39m] Logged in as Wave#2640]
2021-10-29 11:24:43 [[32minfo[39m [[36mDatabase[39m] Server connected to the MongoDB Database]
2021-10-29 11:24:43 [[32minfo[39m [[36mCommands[39m] Loaded commands ping]
2021-10-29 11:24:43 [[32minfo[39m [[36mCommands[39m] Loaded commands ban]
2021-10-29 11:24:44 [[32minfo[39m [[36mClient[39m] Set client presence]
2021-10-29 11:24:44 [[32minfo[39m [[36mDiscord API[39m] Logged in as Wave#2640]
2021-10-29 11:25:26 [[32minfo[39m [[36mDatabase[39m] Server connected to the MongoDB Database]
2021-10-29 11:25:26 [[32minfo[39m [[36mCommands[39m] Loaded commands ping]
2021-10-29 11:25:27 [[32minfo[39m [[36mCommands[39m] Loaded commands ban]
2021-10-29 11:25:27 [[32minfo[39m [[36mClient[39m] Set client presence]
2021-10-29 11:25:27 [[32minfo[39m [[36mDiscord API[39m] Logged in as Wave#2640]
2021-10-29 11:27:14 [[32minfo[39m [[36mDatabase[39m] Server connected to the MongoDB Database]
2021-10-29 11:27:15 [[32minfo[39m [[36mCommands[39m] Loaded commands ping]
2021-10-29 11:27:15 [[32minfo[39m [[36mClient[39m] Set client presence]
2021-10-29 11:27:15 [[32minfo[39m [[36mDiscord API[39m] Logged in as Wave#2640]
2021-10-29 11:29:59 [[32minfo[39m [[36mDatabase[39m] Server connected to the MongoDB Database]
2021-10-29 11:30:00 [[32minfo[39m [[36mCommands[39m] Loaded commands ping]
2021-10-29 11:30:01 [[32minfo[39m [[36mCommands[39m] Loaded commands kick]
2021-10-29 11:30:33 [[32minfo[39m [[36mDatabase[39m] Server connected to the MongoDB Database]
2021-10-29 11:30:33 [[32minfo[39m [[36mCommands[39m] Loaded commands ping]
2021-10-29 11:30:33 [[32minfo[39m [[36mCommands[39m] Loaded commands kick]
2021-10-29 11:30:34 [[32minfo[39m [[36mClient[39m] Set client presence]
2021-10-29 11:30:34 [[32minfo[39m [[36mDiscord API[39m] Logged in as Wave#2640]
2021-10-29 11:34:23 [[31merror[39m [[36mDatabase[39m] Mongoose connection lost]
2021-10-29 11:35:43 [[32minfo[39m [[36mDatabase[39m] Server connected to the MongoDB Database]
2021-10-29 11:35:44 [[32minfo[39m [[36mCommands[39m] Loaded commands ping]
2021-10-29 11:35:44 [[32minfo[39m [[36mClient[39m] Set client presence]
2021-10-29 11:35:44 [[32minfo[39m [[36mDiscord API[39m] Logged in as Wave#2640]
2021-10-29 11:37:26 [[32minfo[39m [[36mDatabase[39m] Server connected to the MongoDB Database]
2021-10-29 11:37:26 [[32minfo[39m [[36mCommands[39m] Loaded commands ping]
2021-10-29 11:37:26 [[32minfo[39m [[36mClient[39m] Set client presence]
2021-10-29 11:37:26 [[32minfo[39m [[36mDiscord API[39m] Logged in as Wave#2640]
2021-10-29 11:39:13 [[32minfo[39m [[36mDatabase[39m] Server connected to the MongoDB Database]
2021-10-29 11:39:13 [[32minfo[39m [[36mCommands[39m] Loaded commands ping]
2021-10-29 11:39:14 [[32minfo[39m [[36mClient[39m] Set client presence]
2021-10-29 11:39:14 [[32minfo[39m [[36mDiscord API[39m] Logged in as Wave#2640]
2021-10-29 11:40:46 [[32minfo[39m [[36mDatabase[39m] Server connected to the MongoDB Database]
2021-10-29 11:40:46 [[32minfo[39m [[36mCommands[39m] Loaded commands ping]
2021-10-29 11:40:46 [[32minfo[39m [[36mClient[39m] Set client presence]
2021-10-29 11:40:46 [[32minfo[39m [[36mDiscord API[39m] Logged in as Wave#2640]
2021-10-29 11:41:25 [[32minfo[39m [[36mDatabase[39m] Server connected to the MongoDB Database]
2021-10-29 11:41:26 [[32minfo[39m [[36mCommands[39m] Loaded commands ping]
2021-10-29 11:41:26 [[32minfo[39m [[36mClient[39m] Set client presence]
2021-10-29 11:41:26 [[32minfo[39m [[36mDiscord API[39m] Logged in as Wave#2640]
2021-10-29 11:42:10 [[32minfo[39m [[36mDatabase[39m] Server connected to the MongoDB Database]
2021-10-29 11:42:10 [[32minfo[39m [[36mCommands[39m] Loaded commands ping]
2021-10-29 11:42:11 [[32minfo[39m [[36mClient[39m] Set client presence]
2021-10-29 11:42:11 [[32minfo[39m [[36mDiscord API[39m] Logged in as Wave#2640]
2021-10-29 11:44:11 [[32minfo[39m [[36mDatabase[39m] Server connected to the MongoDB Database]
2021-10-29 11:44:12 [[32minfo[39m [[36mCommands[39m] Loaded commands ping]
2021-10-29 11:44:12 [[32minfo[39m [[36mClient[39m] Set client presence]
2021-10-29 11:44:12 [[32minfo[39m [[36mDiscord API[39m] Logged in as Wave#2640]
2021-10-29 11:48:57 [[32minfo[39m [[36mDatabase[39m] Server connected to the MongoDB Database]
2021-10-29 12:26:52 [[32minfo[39m [[36mDatabase[39m] Server connected to the MongoDB Database]
2021-10-29 12:27:14 [[32minfo[39m [[36mDatabase[39m] Server connected to the MongoDB Database]
2021-10-29 12:27:15 [[32minfo[39m [[36mCommands[39m] Loaded commands setlang]
2021-10-29 12:27:31 [[32minfo[39m [[36mDatabase[39m] Server connected to the MongoDB Database]
2021-10-29 12:27:32 [[32minfo[39m [[36mCommands[39m] Loaded commands setlang]
2021-10-29 12:30:36 [[32minfo[39m [[36mDatabase[39m] Server connected to the MongoDB Database]
2021-10-29 12:30:37 [[32minfo[39m [[36mCommands[39m] Loaded commands setlang]
2021-10-29 12:30:37 [[32minfo[39m [[36mCommands[39m] Loaded commands ping]
2021-10-29 12:30:37 [[32minfo[39m [[36mClient[39m] Set client presence]
2021-10-29 12:30:37 [[32minfo[39m [[36mDiscord API[39m] Logged in as Wave#2640]
2021-10-29 12:31:36 [[32minfo[39m [[36mDatabase[39m] Server connected to the MongoDB Database]
2021-10-29 12:31:37 [[32minfo[39m [[36mCommands[39m] Loaded commands setlang]
2021-10-29 12:31:37 [[32minfo[39m [[36mCommands[39m] Loaded commands ping]
2021-10-29 12:31:37 [[32minfo[39m [[36mClient[39m] Set client presence]
2021-10-29 12:31:37 [[32minfo[39m [[36mDiscord API[39m] Logged in as Wave#2640]
2021-10-29 13:11:39 [[31merror[39m [[36mDatabase[39m] Mongoose connection lost]
2021-10-29 13:21:46 [[32minfo[39m [[36mDatabase[39m] Server connected to the MongoDB Database]
2021-10-29 13:21:46 [[32minfo[39m [[36mCommands[39m] Loaded commands setlang]
2021-10-29 13:21:46 [[32minfo[39m [[36mCommands[39m] Loaded commands ping]
2021-10-29 13:21:46 [[32minfo[39m [[36mClient[39m] Set client presence]
2021-10-29 13:21:46 [[32minfo[39m [[36mDiscord API[39m] Logged in as Wave#2640]
2021-10-29 13:27:33 [[32minfo[39m [[36mDatabase[39m] Server connected to the MongoDB Database]
2021-10-29 13:27:33 [[32minfo[39m [[36mCommands[39m] Loaded commands setlang]
2021-10-29 13:27:33 [[32minfo[39m [[36mCommands[39m] Loaded commands ping]
2021-10-29 13:27:34 [[32minfo[39m [[36mClient[39m] Set client presence]
2021-10-29 13:27:34 [[32minfo[39m [[36mDiscord API[39m] Logged in as Wave#2640]
2021-10-29 13:34:51 [[31merror[39m [[36mDatabase[39m] Mongoose connection lost]
2021-10-29 13:35:39 [[32minfo[39m [[36mDatabase[39m] Server connected to the MongoDB Database]
2021-10-29 13:35:39 [[32minfo[39m [[36mCommands[39m] Loaded commands setlang]
2021-10-29 13:35:39 [[32minfo[39m [[36mCommands[39m] Loaded commands ping]
2021-10-29 13:35:39 [[32minfo[39m [[36mClient[39m] Set client presence]
2021-10-29 13:35:39 [[32minfo[39m [[36mDiscord API[39m] Logged in as Wave#2640]
2021-10-29 13:58:55 [[32minfo[39m [[36mDatabase[39m] Server connected to the MongoDB Database]
2021-10-29 13:58:55 [[32minfo[39m [[36mCommands[39m] Loaded commands setlang]
2021-10-29 13:58:55 [[32minfo[39m [[36mCommands[39m] Loaded commands chatbot]
2021-10-29 13:58:55 [[32minfo[39m [[36mCommands[39m] Loaded commands ping]
2021-10-29 13:58:56 [[32minfo[39m [[36mClient[39m] Set client presence]
2021-10-29 13:58:56 [[32minfo[39m [[36mDiscord API[39m] Logged in as Wave#2640]
2021-10-29 13:59:54 [[32minfo[39m [[36mDatabase[39m] Server connected to the MongoDB Database]
2021-10-29 13:59:54 [[32minfo[39m [[36mCommands[39m] Loaded commands setlang]
2021-10-29 13:59:54 [[32minfo[39m [[36mCommands[39m] Loaded commands chatbot]
2021-10-29 13:59:54 [[32minfo[39m [[36mCommands[39m] Loaded commands ping]
2021-10-29 13:59:54 [[32minfo[39m [[36mClient[39m] Set client presence]
2021-10-29 13:59:54 [[32minfo[39m [[36mDiscord API[39m] Logged in as Wave#2640]
2021-10-29 14:04:49 [[31merror[39m [[36mDatabase[39m] Mongoose connection lost]
2021-10-29 14:16:48 [[31merror[39m [[36mDatabase[39m] Mongoose connection lost]
2021-10-29 14:17:16 [[32minfo[39m [[36mDatabase[39m] Server connected to the MongoDB Database]
2021-10-29 14:17:17 [[32minfo[39m [[36mCommands[39m] Loaded commands setlang]
2021-10-29 14:17:17 [[32minfo[39m [[36mCommands[39m] Loaded commands chatbot]
2021-10-29 14:17:17 [[32minfo[39m [[36mCommands[39m] Loaded commands ping]
2021-10-29 14:17:17 [[32minfo[39m [[36mClient[39m] Set client presence]
2021-10-29 14:17:17 [[32minfo[39m [[36mDiscord API[39m] Logged in as Wave#2640]
2021-10-29 14:17:50 [[32minfo[39m [[36mDatabase[39m] Server connected to the MongoDB Database]
2021-10-29 14:17:50 [[32minfo[39m [[36mCommands[39m] Loaded commands setlang]
2021-10-29 14:17:50 [[32minfo[39m [[36mCommands[39m] Loaded commands chatbot]
2021-10-29 14:17:50 [[32minfo[39m [[36mCommands[39m] Loaded commands ping]
2021-10-29 14:17:50 [[32minfo[39m [[36mClient[39m] Set client presence]
2021-10-29 14:17:50 [[32minfo[39m [[36mDiscord API[39m] Logged in as Wave#2640]
2021-10-29 14:18:52 [[32minfo[39m [[36mDatabase[39m] Server connected to the MongoDB Database]
2021-10-29 14:18:53 [[32minfo[39m [[36mCommands[39m] Loaded commands setlang]
2021-10-29 14:18:53 [[32minfo[39m [[36mCommands[39m] Loaded commands chatbot]
2021-10-29 14:18:53 [[32minfo[39m [[36mCommands[39m] Loaded commands ping]
2021-10-29 14:18:53 [[32minfo[39m [[36mClient[39m] Set client presence]
2021-10-29 14:18:53 [[32minfo[39m [[36mDiscord API[39m] Logged in as Wave#2640]
2021-10-29 14:25:45 [[32minfo[39m [[36mDatabase[39m] Server connected to the MongoDB Database]
2021-10-29 14:25:45 [[32minfo[39m [[36mCommands[39m] Loaded commands setlang]
2021-10-29 14:25:45 [[32minfo[39m [[36mCommands[39m] Loaded commands chatbot]
2021-10-29 14:25:45 [[32minfo[39m [[36mCommands[39m] Loaded commands ping]
2021-10-29 14:25:46 [[32minfo[39m [[36mClient[39m] Set client presence]
2021-10-29 14:25:46 [[32minfo[39m [[36mDiscord API[39m] Logged in as Wave#2640]
2021-10-29 14:38:36 [[32minfo[39m [[36mDatabase[39m] Server connected to the MongoDB Database]
2021-10-29 14:38:37 [[32minfo[39m [[36mCommands[39m] Loaded commands setlang]
2021-10-29 14:38:37 [[32minfo[39m [[36mCommands[39m] Loaded commands chatbot]
2021-10-29 14:38:37 [[32minfo[39m [[36mCommands[39m] Loaded commands ping]
2021-10-29 14:38:37 [[32minfo[39m [[36mClient[39m] Set client presence]
2021-10-29 14:38:37 [[32minfo[39m [[36mDiscord API[39m] Logged in as Wave#2640]
2021-10-29 14:39:13 [[32minfo[39m [[36mDatabase[39m] Server connected to the MongoDB Database]
2021-10-29 14:39:13 [[32minfo[39m [[36mCommands[39m] Loaded commands setlang]
2021-10-29 14:39:13 [[32minfo[39m [[36mCommands[39m] Loaded commands chatbot]
2021-10-29 14:39:13 [[32minfo[39m [[36mCommands[39m] Loaded commands ping]
2021-10-29 14:39:13 [[32minfo[39m [[36mClient[39m] Set client presence]
2021-10-29 14:39:13 [[32minfo[39m [[36mDiscord API[39m] Logged in as Wave#2640]
2021-10-29 14:40:55 [[32minfo[39m [[36mDatabase[39m] Server connected to the MongoDB Database]
2021-10-29 14:40:55 [[32minfo[39m [[36mCommands[39m] Loaded commands setlang]
2021-10-29 14:40:55 [[32minfo[39m [[36mCommands[39m] Loaded commands chatbot]
2021-10-29 14:40:55 [[32minfo[39m [[36mCommands[39m] Loaded commands ping]
2021-10-29 14:40:55 [[32minfo[39m [[36mClient[39m] Set client presence]
2021-10-29 14:40:55 [[32minfo[39m [[36mDiscord API[39m] Logged in as Wave#2640]
2021-10-29 14:41:40 [[32minfo[39m [[36mDatabase[39m] Server connected to the MongoDB Database]
2021-10-29 14:41:40 [[32minfo[39m [[36mCommands[39m] Loaded commands setlang]
2021-10-29 14:41:40 [[32minfo[39m [[36mCommands[39m] Loaded commands chatbot]
2021-10-29 14:41:40 [[32minfo[39m [[36mCommands[39m] Loaded commands ping]
2021-10-29 14:41:40 [[32minfo[39m [[36mClient[39m] Set client presence]
2021-10-29 14:41:40 [[32minfo[39m [[36mDiscord API[39m] Logged in as Wave#2640]
2021-10-29 14:47:18 [[32minfo[39m [[36mDatabase[39m] Server connected to the MongoDB Database]
2021-10-29 14:47:18 [[32minfo[39m [[36mCommands[39m] Loaded commands setlang]
2021-10-29 14:48:14 [[32minfo[39m [[36mDatabase[39m] Server connected to the MongoDB Database]
2021-10-29 14:48:14 [[32minfo[39m [[36mCommands[39m] Loaded commands setlang]
2021-10-29 14:48:14 [[32minfo[39m [[36mCommands[39m] Loaded commands chatbot]
2021-10-29 14:48:14 [[32minfo[39m [[36mCommands[39m] Loaded commands botinfo]
2021-10-29 14:48:14 [[32minfo[39m [[36mCommands[39m] Loaded commands ping]
2021-10-29 14:48:14 [[32minfo[39m [[36mClient[39m] Set client presence]
2021-10-29 14:48:14 [[32minfo[39m [[36mDiscord API[39m] Logged in as Wave#2640]
2021-10-29 14:51:03 [[32minfo[39m [[36mDatabase[39m] Server connected to the MongoDB Database]
2021-10-29 14:51:03 [[32minfo[39m [[36mCommands[39m] Loaded commands setlang]
2021-10-29 14:51:03 [[32minfo[39m [[36mCommands[39m] Loaded commands chatbot]
2021-10-29 14:51:03 [[32minfo[39m [[36mCommands[39m] Loaded commands botinfo]
2021-10-29 14:51:03 [[32minfo[39m [[36mCommands[39m] Loaded commands ping]
2021-10-29 14:51:04 [[32minfo[39m [[36mClient[39m] Set client presence]
2021-10-29 14:51:04 [[32minfo[39m [[36mDiscord API[39m] Logged in as Wave#2640]
2021-10-29 14:52:28 [[32minfo[39m [[36mDatabase[39m] Server connected to the MongoDB Database]
2021-10-29 14:52:29 [[32minfo[39m [[36mCommands[39m] Loaded commands setlang]
2021-10-29 14:52:29 [[32minfo[39m [[36mCommands[39m] Loaded commands chatbot]
2021-10-29 14:52:29 [[32minfo[39m [[36mCommands[39m] Loaded commands botinfo]
2021-10-29 14:52:29 [[32minfo[39m [[36mCommands[39m] Loaded commands ping]
2021-10-29 14:52:29 [[32minfo[39m [[36mClient[39m] Set client presence]
2021-10-29 14:52:29 [[32minfo[39m [[36mDiscord API[39m] Logged in as Wave#2640]
2021-10-29 14:52:36 [[32minfo[39m [[36mDatabase[39m] Server connected to the MongoDB Database]
2021-10-29 14:52:36 [[32minfo[39m [[36mCommands[39m] Loaded commands setlang]
2021-10-29 14:52:36 [[32minfo[39m [[36mCommands[39m] Loaded commands chatbot]
2021-10-29 14:52:36 [[32minfo[39m [[36mCommands[39m] Loaded commands botinfo]
2021-10-29 14:52:36 [[32minfo[39m [[36mCommands[39m] Loaded commands ping]
2021-10-29 14:52:36 [[32minfo[39m [[36mClient[39m] Set client presence]
2021-10-29 14:52:36 [[32minfo[39m [[36mDiscord API[39m] Logged in as Wave#2640]
2021-10-29 16:08:30 [[31merror[39m [[36mDatabase[39m] Mongoose connection lost]
2021-10-29 16:26:18 [[32minfo[39m [[36mDatabase[39m] Server connected to the MongoDB Database]
2021-10-29 16:26:18 [[32minfo[39m [[36mCommands[39m] Loaded commands setlang]
2021-10-29 16:26:18 [[32minfo[39m [[36mCommands[39m] Loaded commands chatbot]
2021-10-29 16:26:18 [[32minfo[39m [[36mCommands[39m] Loaded commands botinfo]
2021-10-29 16:26:18 [[32minfo[39m [[36mCommands[39m] Loaded commands ping]
2021-10-29 16:26:18 [[32minfo[39m [[36mClient[39m] Set client presence]
2021-10-29 16:26:18 [[32minfo[39m [[36mDiscord API[39m] Logged in as Wave#2640]
2021-10-29 16:29:01 [[32minfo[39m [[36mDatabase[39m] Server connected to the MongoDB Database]
2021-10-29 16:29:01 [[32minfo[39m [[36mCommands[39m] Loaded commands setlang]
2021-10-29 16:38:04 [[32minfo[39m [[36mDatabase[39m] Server connected to the MongoDB Database]
2021-10-29 16:38:04 [[32minfo[39m [[36mCommands[39m] Loaded commands setlang]
2021-10-29 16:38:04 [[32minfo[39m [[36mCommands[39m] Loaded commands chatbot]
2021-10-29 16:38:04 [[32minfo[39m [[36mCommands[39m] Loaded commands botinfo]
2021-10-29 16:38:04 [[32minfo[39m [[36mCommands[39m] Loaded commands ping]
2021-10-29 16:38:04 [[32minfo[39m [[36mClient[39m] Set client presence]
2021-10-29 16:38:04 [[32minfo[39m [[36mDiscord API[39m] Logged in as Wave#2640]
2021-10-29 18:56:06 [[32minfo[39m [[36mDatabase[39m] Server connected to the MongoDB Database]
2021-10-29 18:56:06 [[32minfo[39m [[36mCommands[39m] Loaded commands setlang]
2021-10-29 18:56:06 [[32minfo[39m [[36mCommands[39m] Loaded commands chatbot]
2021-10-29 18:56:06 [[32minfo[39m [[36mCommands[39m] Loaded commands botinfo]
2021-10-29 18:56:06 [[32minfo[39m [[36mCommands[39m] Loaded commands ping]
2021-10-29 18:56:06 [[32minfo[39m [[36mClient[39m] Set client presence]
2021-10-29 18:56:06 [[32minfo[39m [[36mDiscord API[39m] Logged in as Wave#2640]
2021-10-29 18:58:56 [[32minfo[39m [[36mDatabase[39m] Server connected to the MongoDB Database]
2021-10-29 18:58:56 [[32minfo[39m [[36mCommands[39m] Loaded commands setlang]
2021-10-29 18:58:56 [[32minfo[39m [[36mCommands[39m] Loaded commands chatbot]
2021-10-29 18:58:56 [[32minfo[39m [[36mCommands[39m] Loaded commands botinfo]
2021-10-29 18:58:56 [[32minfo[39m [[36mCommands[39m] Loaded commands ping]
2021-10-29 18:58:56 [[32minfo[39m [[36mClient[39m] Set client presence]
2021-10-29 18:58:56 [[32minfo[39m [[36mDiscord API[39m] Logged in as Wave#2640]
2021-10-29 18:59:12 [[32minfo[39m [[36mDatabase[39m] Server connected to the MongoDB Database]
2021-10-29 18:59:12 [[32minfo[39m [[36mCommands[39m] Loaded commands setlang]
2021-10-29 18:59:12 [[32minfo[39m [[36mCommands[39m] Loaded commands chatbot]
2021-10-29 18:59:12 [[32minfo[39m [[36mCommands[39m] Loaded commands botinfo]
2021-10-29 18:59:12 [[32minfo[39m [[36mCommands[39m] Loaded commands ping]
2021-10-29 18:59:12 [[32minfo[39m [[36mClient[39m] Set client presence]
2021-10-29 18:59:12 [[32minfo[39m [[36mDiscord API[39m] Logged in as Wave#2640]
2021-10-29 19:01:38 [[32minfo[39m [[36mDatabase[39m] Server connected to the MongoDB Database]
2021-10-29 19:01:38 [[32minfo[39m [[36mCommands[39m] Loaded commands setlang]
2021-10-29 19:01:38 [[32minfo[39m [[36mCommands[39m] Loaded commands chatbot]
2021-10-29 19:01:38 [[32minfo[39m [[36mCommands[39m] Loaded commands botinfo]
2021-10-29 19:01:38 [[32minfo[39m [[36mCommands[39m] Loaded commands ping]
2021-10-29 19:01:38 [[32minfo[39m [[36mClient[39m] Set client presence]
2021-10-29 19:01:38 [[32minfo[39m [[36mDiscord API[39m] Logged in as Wave#2640]
2021-10-29 19:03:18 [[32minfo[39m [[36mDatabase[39m] Server connected to the MongoDB Database]
2021-10-29 19:03:18 [[32minfo[39m [[36mCommands[39m] Loaded commands setlang]
2021-10-29 19:03:18 [[32minfo[39m [[36mCommands[39m] Loaded commands chatbot]
2021-10-29 19:03:18 [[32minfo[39m [[36mCommands[39m] Loaded commands botinfo]
2021-10-29 19:03:18 [[32minfo[39m [[36mCommands[39m] Loaded commands ping]
2021-10-29 19:03:18 [[32minfo[39m [[36mClient[39m] Set client presence]
2021-10-29 19:03:18 [[32minfo[39m [[36mDiscord API[39m] Logged in as Wave#2640]
2021-10-29 19:05:21 [[32minfo[39m [[36mDatabase[39m] Server connected to the MongoDB Database]
2021-10-29 19:05:21 [[32minfo[39m [[36mCommands[39m] Loaded commands setlang]
2021-10-29 19:05:21 [[32minfo[39m [[36mCommands[39m] Loaded commands chatbot]
2021-10-29 19:05:21 [[32minfo[39m [[36mCommands[39m] Loaded commands botinfo]
2021-10-29 19:05:21 [[32minfo[39m [[36mCommands[39m] Loaded commands ping]
2021-10-29 19:05:21 [[32minfo[39m [[36mClient[39m] Set client presence]
2021-10-29 19:05:21 [[32minfo[39m [[36mDiscord API[39m] Logged in as Wave#2640]
2021-10-29 19:09:02 [[32minfo[39m [[36mDatabase[39m] Server connected to the MongoDB Database]
2021-10-29 19:09:03 [[32minfo[39m [[36mCommands[39m] Loaded commands setlang]
2021-10-29 19:09:03 [[32minfo[39m [[36mCommands[39m] Loaded commands chatbot]
2021-10-29 19:09:03 [[32minfo[39m [[36mCommands[39m] Loaded commands botinfo]
2021-10-29 19:09:03 [[32minfo[39m [[36mCommands[39m] Loaded commands ping]
2021-10-29 19:09:03 [[32minfo[39m [[36mClient[39m] Set client presence]
2021-10-29 19:09:03 [[32minfo[39m [[36mDiscord API[39m] Logged in as Wave#2640]
2021-10-29 19:10:50 [[32minfo[39m [[36mDatabase[39m] Server connected to the MongoDB Database]
2021-10-29 19:10:51 [[32minfo[39m [[36mCommands[39m] Loaded commands setlang]
2021-10-29 19:10:51 [[32minfo[39m [[36mCommands[39m] Loaded commands chatbot]
2021-10-29 19:10:51 [[32minfo[39m [[36mCommands[39m] Loaded commands botinfo]
2021-10-29 19:10:51 [[32minfo[39m [[36mCommands[39m] Loaded commands ping]
2021-10-29 19:10:51 [[32minfo[39m [[36mClient[39m] Set client presence]
2021-10-29 19:10:51 [[32minfo[39m [[36mDiscord API[39m] Logged in as Wave#2640]
2021-10-29 19:11:18 [[31merror[39m [[36mDatabase[39m] Mongoose connection lost]
2021-10-29 19:15:29 [[32minfo[39m [[36mDatabase[39m] Server connected to the MongoDB Database]
2021-10-29 19:15:29 [[32minfo[39m [[36mCommands[39m] Loaded commands setlang]
2021-10-29 19:15:29 [[32minfo[39m [[36mCommands[39m] Loaded commands chatbot]
2021-10-29 19:15:29 [[32minfo[39m [[36mCommands[39m] Loaded commands botinfo]
2021-10-29 19:15:29 [[32minfo[39m [[36mCommands[39m] Loaded commands ping]
2021-10-29 19:15:30 [[32minfo[39m [[36mClient[39m] Set client presence]
2021-10-29 19:15:30 [[32minfo[39m [[36mDiscord API[39m] Logged in as Wave#2640]
2021-10-29 19:19:10 [[31merror[39m [[36mDatabase[39m] Mongoose connection lost]
2021-10-29 19:19:15 [[32minfo[39m [[36mDatabase[39m] Server connected to the MongoDB Database]
2021-10-29 19:19:15 [[32minfo[39m [[36mCommands[39m] Loaded commands setlang]
2021-10-29 19:19:15 [[32minfo[39m [[36mCommands[39m] Loaded commands chatbot]
2021-10-29 19:19:15 [[32minfo[39m [[36mCommands[39m] Loaded commands botinfo]
2021-10-29 19:19:15 [[32minfo[39m [[36mCommands[39m] Loaded commands ping]
2021-10-29 19:19:15 [[32minfo[39m [[36mClient[39m] Set client presence]
2021-10-29 19:19:15 [[32minfo[39m [[36mDiscord API[39m] Logged in as Wave#2640]
2021-10-29 19:48:27 [[32minfo[39m [[36mDatabase[39m] Server connected to the MongoDB Database]
2021-10-29 19:48:28 [[32minfo[39m [[36mCommands[39m] Loaded commands setlang]
2021-10-29 19:48:28 [[32minfo[39m [[36mCommands[39m] Loaded commands chatbot]
2021-10-29 19:48:28 [[32minfo[39m [[36mCommands[39m] Loaded commands botinfo]
2021-10-29 19:48:28 [[32minfo[39m [[36mCommands[39m] Loaded commands ping]
2021-10-29 19:48:28 [[32minfo[39m [[36mClient[39m] Set client presence]
2021-10-29 19:48:28 [[32minfo[39m [[36mDiscord API[39m] Logged in as Wave#2640]
2021-10-29 19:49:20 [[32minfo[39m [[36mDatabase[39m] Server connected to the MongoDB Database]
2021-10-29 19:49:20 [[32minfo[39m [[36mCommands[39m] Loaded commands setlang]
2021-10-29 19:49:20 [[32minfo[39m [[36mCommands[39m] Loaded commands chatbot]
2021-10-29 19:49:20 [[32minfo[39m [[36mCommands[39m] Loaded commands botinfo]
2021-10-29 19:49:20 [[32minfo[39m [[36mCommands[39m] Loaded commands ping]
2021-10-29 19:49:20 [[32minfo[39m [[36mClient[39m] Set client presence]
2021-10-29 19:49:20 [[32minfo[39m [[36mDiscord API[39m] Logged in as Wave#2640]
2021-10-29 20:06:58 [[32minfo[39m [[36mDatabase[39m] Server connected to the MongoDB Database]
2021-10-29 20:06:58 [[32minfo[39m [[36mCommands[39m] Loaded commands setlang]
2021-10-29 20:06:58 [[32minfo[39m [[36mCommands[39m] Loaded commands chatbot]
2021-10-29 20:06:58 [[32minfo[39m [[36mCommands[39m] Loaded commands botinfo]
2021-10-29 20:06:58 [[32minfo[39m [[36mCommands[39m] Loaded commands ping]
2021-10-29 20:07:05 [[32minfo[39m [[36mDatabase[39m] Server connected to the MongoDB Database]
2021-10-29 20:07:05 [[32minfo[39m [[36mCommands[39m] Loaded commands setlang]
2021-10-29 20:07:05 [[32minfo[39m [[36mCommands[39m] Loaded commands chatbot]
2021-10-29 20:07:05 [[32minfo[39m [[36mCommands[39m] Loaded commands botinfo]
2021-10-29 20:07:05 [[32minfo[39m [[36mCommands[39m] Loaded commands ping]
2021-10-29 20:07:05 [[32minfo[39m [[36mClient[39m] Set client presence]
2021-10-29 20:07:05 [[32minfo[39m [[36mDiscord API[39m] Logged in as Wave#2640]
2021-10-29 20:24:10 [[32minfo[39m [[36mDatabase[39m] Server connected to the MongoDB Database]
2021-10-29 20:24:11 [[32minfo[39m [[36mCommands[39m] Loaded commands setlang]
2021-10-29 20:24:11 [[32minfo[39m [[36mCommands[39m] Loaded commands chatbot]
2021-10-29 20:24:11 [[32minfo[39m [[36mCommands[39m] Loaded commands botinfo]
2021-10-29 20:24:11 [[32minfo[39m [[36mCommands[39m] Loaded commands ping]
2021-10-29 20:24:11 [[32minfo[39m [[36mClient[39m] Set client presence]
2021-10-29 20:24:11 [[32minfo[39m [[36mDiscord API[39m] Logged in as Wave#2640]
2021-10-29 20:29:45 [[32minfo[39m [[36mDatabase[39m] Server connected to the MongoDB Database]
2021-10-29 20:30:11 [[32minfo[39m [[36mDatabase[39m] Server connected to the MongoDB Database]
2021-10-29 20:30:11 [[32minfo[39m [[36mCommands[39m] Loaded commands setlang]
2021-10-29 20:30:11 [[32minfo[39m [[36mCommands[39m] Loaded commands chatbot]
2021-10-29 20:30:11 [[32minfo[39m [[36mCommands[39m] Loaded commands botinfo]
2021-10-29 20:30:11 [[32minfo[39m [[36mCommands[39m] Loaded commands ping]
2021-10-29 20:30:11 [[32minfo[39m [[36mClient[39m] Set client presence]
2021-10-29 20:30:11 [[32minfo[39m [[36mDiscord API[39m] Logged in as Wave#2640]
2021-10-29 20:38:13 [[32minfo[39m [[36mDatabase[39m] Server connected to the MongoDB Database]
2021-10-29 20:38:13 [[32minfo[39m [[36mCommands[39m] Loaded commands setlang]
2021-10-29 20:38:13 [[32minfo[39m [[36mCommands[39m] Loaded commands chatbot]
2021-10-29 20:38:13 [[32minfo[39m [[36mCommands[39m] Loaded commands botinfo]
2021-10-29 20:38:13 [[32minfo[39m [[36mCommands[39m] Loaded commands ping]
2021-10-29 20:38:13 [[32minfo[39m [[36mClient[39m] Set client presence]
2021-10-29 20:38:13 [[32minfo[39m [[36mDiscord API[39m] Logged in as Wave#2640]
2021-10-29 20:38:27 [[32minfo[39m [[36mDatabase[39m] Server connected to the MongoDB Database]
2021-10-29 20:38:27 [[32minfo[39m [[36mCommands[39m] Loaded commands setlang]
2021-10-29 20:38:27 [[32minfo[39m [[36mCommands[39m] Loaded commands chatbot]
2021-10-29 20:38:27 [[32minfo[39m [[36mCommands[39m] Loaded commands botinfo]
2021-10-29 20:38:27 [[32minfo[39m [[36mCommands[39m] Loaded commands ping]
2021-10-29 20:38:27 [[32minfo[39m [[36mClient[39m] Set client presence]
2021-10-29 20:38:27 [[32minfo[39m [[36mDiscord API[39m] Logged in as Wave#2640]
2021-10-29 20:39:52 [[32minfo[39m [[36mDatabase[39m] Server connected to the MongoDB Database]
2021-10-29 20:39:52 [[32minfo[39m [[36mCommands[39m] Loaded commands setlang]
2021-10-29 20:39:52 [[32minfo[39m [[36mCommands[39m] Loaded commands chatbot]
2021-10-29 20:39:52 [[32minfo[39m [[36mCommands[39m] Loaded commands botinfo]
2021-10-29 20:39:52 [[32minfo[39m [[36mCommands[39m] Loaded commands ping]
2021-10-29 20:39:52 [[32minfo[39m [[36mClient[39m] Set client presence]
2021-10-29 20:39:53 [[32minfo[39m [[36mDiscord API[39m] Logged in as Wave#2640]
2021-10-29 20:40:50 [[32minfo[39m [[36mDatabase[39m] Server connected to the MongoDB Database]
2021-10-29 20:40:50 [[32minfo[39m [[36mCommands[39m] Loaded commands setlang]
2021-10-29 20:40:50 [[32minfo[39m [[36mCommands[39m] Loaded commands chatbot]
2021-10-29 20:40:50 [[32minfo[39m [[36mCommands[39m] Loaded commands botinfo]
2021-10-29 20:40:50 [[32minfo[39m [[36mCommands[39m] Loaded commands ping]
2021-10-29 20:40:50 [[32minfo[39m [[36mClient[39m] Set client presence]
2021-10-29 20:40:50 [[32minfo[39m [[36mDiscord API[39m] Logged in as Wave#2640]
2021-10-29 20:41:36 [[32minfo[39m [[36mDatabase[39m] Server connected to the MongoDB Database]
2021-10-29 20:41:36 [[32minfo[39m [[36mCommands[39m] Loaded commands setlang]
2021-10-29 20:41:36 [[32minfo[39m [[36mCommands[39m] Loaded commands chatbot]
2021-10-29 20:41:36 [[32minfo[39m [[36mCommands[39m] Loaded commands botinfo]
2021-10-29 20:41:36 [[32minfo[39m [[36mCommands[39m] Loaded commands ping]
2021-10-29 20:41:36 [[32minfo[39m [[36mClient[39m] Set client presence]
2021-10-29 20:41:36 [[32minfo[39m [[36mDiscord API[39m] Logged in as Wave#2640]
2021-10-30 10:46:06 [[32minfo[39m [[36mDatabase[39m] Server connected to the MongoDB Database]
2021-10-30 10:46:06 [[32minfo[39m [[36mCommands[39m] Loaded commands setlang]
2021-10-30 10:46:06 [[32minfo[39m [[36mCommands[39m] Loaded commands chatbot]
2021-10-30 10:46:06 [[32minfo[39m [[36mCommands[39m] Loaded commands botinfo]
2021-10-30 10:46:06 [[32minfo[39m [[36mCommands[39m] Loaded commands ping]
2021-10-30 10:46:06 [[32minfo[39m [[36mClient[39m] Set client presence]
2021-10-30 10:46:06 [[32minfo[39m [[36mDiscord API[39m] Logged in as Nya#2948]
2021-10-30 10:50:55 [[32minfo[39m [[36mDatabase[39m] Server connected to the MongoDB Database]
2021-10-30 10:50:55 [[32minfo[39m [[36mCommands[39m] Loaded commands setlang]
2021-10-30 10:50:55 [[32minfo[39m [[36mCommands[39m] Loaded commands chatbot]
2021-10-30 10:50:55 [[32minfo[39m [[36mCommands[39m] Loaded commands profile]
2021-10-30 10:50:55 [[32minfo[39m [[36mCommands[39m] Loaded commands botinfo]
2021-10-30 10:50:55 [[32minfo[39m [[36mCommands[39m] Loaded commands ping]
2021-10-30 10:50:56 [[32minfo[39m [[36mClient[39m] Set client presence]
2021-10-30 10:50:56 [[32minfo[39m [[36mDiscord API[39m] Logged in as Nya#2948]
2021-10-30 10:51:20 [[32minfo[39m [[36mDatabase[39m] Server connected to the MongoDB Database]
2021-10-30 10:51:20 [[32minfo[39m [[36mCommands[39m] Loaded commands setlang]
2021-10-30 10:51:20 [[32minfo[39m [[36mCommands[39m] Loaded commands chatbot]
2021-10-30 10:51:20 [[32minfo[39m [[36mCommands[39m] Loaded commands profile]
2021-10-30 10:51:20 [[32minfo[39m [[36mCommands[39m] Loaded commands botinfo]
2021-10-30 10:51:20 [[32minfo[39m [[36mCommands[39m] Loaded commands ping]
2021-10-30 10:51:21 [[32minfo[39m [[36mClient[39m] Set client presence]
2021-10-30 10:51:21 [[32minfo[39m [[36mDiscord API[39m] Logged in as Nya#2948]
2021-10-30 10:52:27 [[32minfo[39m [[36mDatabase[39m] Server connected to the MongoDB Database]
2021-10-30 10:52:27 [[32minfo[39m [[36mCommands[39m] Loaded commands setlang]
2021-10-30 10:52:27 [[32minfo[39m [[36mCommands[39m] Loaded commands chatbot]
2021-10-30 10:52:27 [[32minfo[39m [[36mCommands[39m] Loaded commands profile]
2021-10-30 10:52:27 [[32minfo[39m [[36mCommands[39m] Loaded commands botinfo]
2021-10-30 10:52:27 [[32minfo[39m [[36mCommands[39m] Loaded commands ping]
2021-10-30 10:52:27 [[32minfo[39m [[36mClient[39m] Set client presence]
2021-10-30 10:52:27 [[32minfo[39m [[36mDiscord API[39m] Logged in as Nya#2948]
2021-10-30 11:05:27 [[32minfo[39m [[36mDatabase[39m] Server connected to the MongoDB Database]
2021-10-30 11:05:27 [[32minfo[39m [[36mCommands[39m] Loaded commands setlang]
2021-10-30 11:05:52 [[32minfo[39m [[36mCommands[39m] Loaded commands setlang]
2021-10-30 11:06:06 [[32minfo[39m [[36mCommands[39m] Loaded commands setlang]
2021-10-30 11:06:06 [[32minfo[39m [[36mCommands[39m] Loaded commands chatbot]
2021-10-30 11:06:06 [[32minfo[39m [[36mCommands[39m] Loaded commands profile]
2021-10-30 11:06:06 [[32minfo[39m [[36mCommands[39m] Loaded commands work]
2021-10-30 11:06:06 [[32minfo[39m [[36mCommands[39m] Loaded commands botinfo]
2021-10-30 11:06:06 [[32minfo[39m [[36mCommands[39m] Loaded commands ping]
2021-10-30 11:06:07 [[32minfo[39m [[36mDatabase[39m] Server connected to the MongoDB Database]
2021-10-30 11:06:07 [[32minfo[39m [[36mClient[39m] Set client presence]
2021-10-30 11:06:07 [[32minfo[39m [[36mDiscord API[39m] Logged in as Nya#2948]
2021-10-30 11:07:04 [[32minfo[39m [[36mDatabase[39m] Server connected to the MongoDB Database]
2021-10-30 11:07:04 [[32minfo[39m [[36mCommands[39m] Loaded commands setlang]
2021-10-30 11:07:04 [[32minfo[39m [[36mCommands[39m] Loaded commands chatbot]
2021-10-30 11:07:04 [[32minfo[39m [[36mCommands[39m] Loaded commands profile]
2021-10-30 11:07:04 [[32minfo[39m [[36mCommands[39m] Loaded commands work]
2021-10-30 11:07:04 [[32minfo[39m [[36mCommands[39m] Loaded commands botinfo]
2021-10-30 11:07:04 [[32minfo[39m [[36mCommands[39m] Loaded commands ping]
2021-10-30 11:07:04 [[32minfo[39m [[36mClient[39m] Set client presence]
2021-10-30 11:07:04 [[32minfo[39m [[36mDiscord API[39m] Logged in as Nya#2948]
2021-10-30 11:07:25 [[32minfo[39m [[36mDatabase[39m] Server connected to the MongoDB Database]
2021-10-30 11:07:25 [[32minfo[39m [[36mCommands[39m] Loaded commands setlang]
2021-10-30 11:07:25 [[32minfo[39m [[36mCommands[39m] Loaded commands chatbot]
2021-10-30 11:07:25 [[32minfo[39m [[36mCommands[39m] Loaded commands profile]
2021-10-30 11:07:25 [[32minfo[39m [[36mCommands[39m] Loaded commands work]
2021-10-30 11:07:25 [[32minfo[39m [[36mCommands[39m] Loaded commands botinfo]
2021-10-30 11:07:25 [[32minfo[39m [[36mCommands[39m] Loaded commands ping]
2021-10-30 11:07:25 [[32minfo[39m [[36mClient[39m] Set client presence]
2021-10-30 11:07:25 [[32minfo[39m [[36mDiscord API[39m] Logged in as Nya#2948]
2021-10-30 11:07:52 [[32minfo[39m [[36mDatabase[39m] Server connected to the MongoDB Database]
2021-10-30 11:07:53 [[32minfo[39m [[36mCommands[39m] Loaded commands setlang]
2021-10-30 11:07:53 [[32minfo[39m [[36mCommands[39m] Loaded commands chatbot]
2021-10-30 11:07:53 [[32minfo[39m [[36mCommands[39m] Loaded commands profile]
2021-10-30 11:07:53 [[32minfo[39m [[36mCommands[39m] Loaded commands work]
2021-10-30 11:07:53 [[32minfo[39m [[36mCommands[39m] Loaded commands botinfo]
2021-10-30 11:07:53 [[32minfo[39m [[36mCommands[39m] Loaded commands ping]
2021-10-30 11:07:53 [[32minfo[39m [[36mClient[39m] Set client presence]
2021-10-30 11:07:53 [[32minfo[39m [[36mDiscord API[39m] Logged in as Nya#2948]
2021-10-30 11:09:12 [[32minfo[39m [[36mDatabase[39m] Server connected to the MongoDB Database]
2021-10-30 11:09:12 [[32minfo[39m [[36mCommands[39m] Loaded commands setlang]
2021-10-30 11:09:12 [[32minfo[39m [[36mCommands[39m] Loaded commands chatbot]
2021-10-30 11:09:12 [[32minfo[39m [[36mCommands[39m] Loaded commands profile]
2021-10-30 11:09:12 [[32minfo[39m [[36mCommands[39m] Loaded commands work]
2021-10-30 11:09:12 [[32minfo[39m [[36mCommands[39m] Loaded commands botinfo]
2021-10-30 11:09:12 [[32minfo[39m [[36mCommands[39m] Loaded commands ping]
2021-10-30 11:09:12 [[32minfo[39m [[36mClient[39m] Set client presence]
2021-10-30 11:09:12 [[32minfo[39m [[36mDiscord API[39m] Logged in as Nya#2948]
2021-10-30 11:10:13 [[32minfo[39m [[36mCommands[39m] Loaded commands setlang]
2021-10-30 11:10:13 [[32minfo[39m [[36mCommands[39m] Loaded commands chatbot]
2021-10-30 11:10:13 [[32minfo[39m [[36mCommands[39m] Loaded commands profile]
2021-10-30 11:10:13 [[32minfo[39m [[36mCommands[39m] Loaded commands work]
2021-10-30 11:10:13 [[32minfo[39m [[36mCommands[39m] Loaded commands botinfo]
2021-10-30 11:10:13 [[32minfo[39m [[36mCommands[39m] Loaded commands ping]
2021-10-30 11:10:13 [[32minfo[39m [[36mClient[39m] Set client presence]
2021-10-30 11:10:13 [[32minfo[39m [[36mDiscord API[39m] Logged in as Nya#2948]
2021-10-30 11:10:13 [[32minfo[39m [[36mDatabase[39m] Server connected to the MongoDB Database]
2021-10-30 12:08:40 [[32minfo[39m [[36mDatabase[39m] Server connected to the MongoDB Database]
2021-10-30 12:08:40 [[32minfo[39m [[36mCommands[39m] Loaded commands setlang]
2021-10-30 12:08:52 [[32minfo[39m [[36mCommands[39m] Loaded commands setlang]
2021-10-30 12:08:52 [[32minfo[39m [[36mCommands[39m] Loaded commands chatbot]
2021-10-30 12:08:52 [[32minfo[39m [[36mCommands[39m] Loaded commands profile]
2021-10-30 12:08:52 [[32minfo[39m [[36mCommands[39m] Loaded commands work]
2021-10-30 12:08:52 [[32minfo[39m [[36mCommands[39m] Loaded commands botinfo]
2021-10-30 12:08:52 [[32minfo[39m [[36mCommands[39m] Loaded commands ping]
2021-10-30 12:08:52 [[32minfo[39m [[36mDatabase[39m] Server connected to the MongoDB Database]
2021-10-30 12:08:53 [[32minfo[39m [[36mClient[39m] Set client presence]
2021-10-30 12:08:53 [[32minfo[39m [[36mDiscord API[39m] Logged in as Nya#2948]
2021-10-30 12:09:22 [[32minfo[39m [[36mCommands[39m] Loaded commands setlang]
2021-10-30 12:09:22 [[32minfo[39m [[36mCommands[39m] Loaded commands chatbot]
2021-10-30 12:09:22 [[32minfo[39m [[36mCommands[39m] Loaded commands profile]
2021-10-30 12:09:23 [[32minfo[39m [[36mCommands[39m] Loaded commands work]
2021-10-30 12:09:23 [[32minfo[39m [[36mCommands[39m] Loaded commands botinfo]
2021-10-30 12:09:23 [[32minfo[39m [[36mCommands[39m] Loaded commands ping]
2021-10-30 12:09:23 [[32minfo[39m [[36mDatabase[39m] Server connected to the MongoDB Database]
2021-10-30 12:09:23 [[32minfo[39m [[36mClient[39m] Set client presence]
2021-10-30 12:09:23 [[32minfo[39m [[36mDiscord API[39m] Logged in as Nya#2948]
2021-10-30 12:10:02 [[32minfo[39m [[36mDatabase[39m] Server connected to the MongoDB Database]
2021-10-30 12:10:02 [[32minfo[39m [[36mCommands[39m] Loaded commands setlang]
2021-10-30 12:10:02 [[32minfo[39m [[36mCommands[39m] Loaded commands chatbot]
2021-10-30 12:10:02 [[32minfo[39m [[36mCommands[39m] Loaded commands profile]
2021-10-30 12:10:02 [[32minfo[39m [[36mCommands[39m] Loaded commands work]
2021-10-30 12:10:02 [[32minfo[39m [[36mCommands[39m] Loaded commands botinfo]
2021-10-30 12:10:02 [[32minfo[39m [[36mCommands[39m] Loaded commands ping]
2021-10-30 12:10:02 [[32minfo[39m [[36mClient[39m] Set client presence]
2021-10-30 12:10:02 [[32minfo[39m [[36mDiscord API[39m] Logged in as Nya#2948]
2021-10-30 12:10:22 [[32minfo[39m [[36mDatabase[39m] Server connected to the MongoDB Database]
2021-10-30 12:10:22 [[32minfo[39m [[36mCommands[39m] Loaded commands setlang]
2021-10-30 12:10:22 [[32minfo[39m [[36mCommands[39m] Loaded commands chatbot]
2021-10-30 12:10:22 [[32minfo[39m [[36mCommands[39m] Loaded commands profile]
2021-10-30 12:10:22 [[32minfo[39m [[36mCommands[39m] Loaded commands work]
2021-10-30 12:10:22 [[32minfo[39m [[36mCommands[39m] Loaded commands botinfo]
2021-10-30 12:10:22 [[32minfo[39m [[36mCommands[39m] Loaded commands ping]
2021-10-30 12:10:22 [[32minfo[39m [[36mClient[39m] Set client presence]
2021-10-30 12:10:22 [[32minfo[39m [[36mDiscord API[39m] Logged in as Nya#2948]
2021-10-30 12:10:51 [[32minfo[39m [[36mDatabase[39m] Server connected to the MongoDB Database]
2021-10-30 12:10:52 [[32minfo[39m [[36mCommands[39m] Loaded commands setlang]
2021-10-30 12:10:52 [[32minfo[39m [[36mCommands[39m] Loaded commands chatbot]
2021-10-30 12:10:52 [[32minfo[39m [[36mCommands[39m] Loaded commands profile]
2021-10-30 12:10:52 [[32minfo[39m [[36mCommands[39m] Loaded commands work]
2021-10-30 12:10:52 [[32minfo[39m [[36mCommands[39m] Loaded commands botinfo]
2021-10-30 12:10:52 [[32minfo[39m [[36mCommands[39m] Loaded commands ping]
2021-10-30 12:11:03 [[32minfo[39m [[36mClient[39m] Set client presence]
2021-10-30 12:11:03 [[32minfo[39m [[36mDiscord API[39m] Logged in as Nya#2948]
2021-10-30 12:11:37 [[32minfo[39m [[36mDatabase[39m] Server connected to the MongoDB Database]
2021-10-30 12:11:39 [[32minfo[39m [[36mCommands[39m] Loaded commands setlang]
2021-10-30 12:11:39 [[32minfo[39m [[36mCommands[39m] Loaded commands chatbot]
2021-10-30 12:11:39 [[32minfo[39m [[36mCommands[39m] Loaded commands profile]
2021-10-30 12:11:39 [[32minfo[39m [[36mCommands[39m] Loaded commands work]
2021-10-30 12:11:39 [[32minfo[39m [[36mCommands[39m] Loaded commands botinfo]
2021-10-30 12:11:39 [[32minfo[39m [[36mCommands[39m] Loaded commands ping]
2021-10-30 12:11:39 [[32minfo[39m [[36mClient[39m] Set client presence]
2021-10-30 12:11:39 [[32minfo[39m [[36mDiscord API[39m] Logged in as Nya#2948]
2021-10-30 12:12:41 [[32minfo[39m [[36mDatabase[39m] Server connected to the MongoDB Database]
2021-10-30 12:12:41 [[32minfo[39m [[36mCommands[39m] Loaded commands setlang]
2021-10-30 12:12:41 [[32minfo[39m [[36mCommands[39m] Loaded commands chatbot]
2021-10-30 12:12:41 [[32minfo[39m [[36mCommands[39m] Loaded commands profile]
2021-10-30 12:12:41 [[32minfo[39m [[36mCommands[39m] Loaded commands work]
2021-10-30 12:12:41 [[32minfo[39m [[36mCommands[39m] Loaded commands botinfo]
2021-10-30 12:12:41 [[32minfo[39m [[36mCommands[39m] Loaded commands ping]
2021-10-30 12:12:42 [[32minfo[39m [[36mClient[39m] Set client presence]
2021-10-30 12:12:42 [[32minfo[39m [[36mDiscord API[39m] Logged in as Nya#2948]
2021-10-30 12:13:44 [[32minfo[39m [[36mDatabase[39m] Server connected to the MongoDB Database]
2021-10-30 12:13:44 [[32minfo[39m [[36mCommands[39m] Loaded commands setlang]
2021-10-30 12:13:44 [[32minfo[39m [[36mCommands[39m] Loaded commands chatbot]
2021-10-30 12:13:44 [[32minfo[39m [[36mCommands[39m] Loaded commands profile]
2021-10-30 12:13:44 [[32minfo[39m [[36mCommands[39m] Loaded commands work]
2021-10-30 12:13:44 [[32minfo[39m [[36mCommands[39m] Loaded commands botinfo]
2021-10-30 12:13:44 [[32minfo[39m [[36mCommands[39m] Loaded commands ping]
2021-10-30 12:13:44 [[32minfo[39m [[36mClient[39m] Set client presence]
2021-10-30 12:13:44 [[32minfo[39m [[36mDiscord API[39m] Logged in as Nya#2948]
2021-10-30 12:15:12 [[32minfo[39m [[36mDatabase[39m] Server connected to the MongoDB Database]
2021-10-30 12:15:12 [[32minfo[39m [[36mCommands[39m] Loaded commands setlang]
2021-10-30 12:15:12 [[32minfo[39m [[36mCommands[39m] Loaded commands chatbot]
2021-10-30 12:15:12 [[32minfo[39m [[36mCommands[39m] Loaded commands profile]
2021-10-30 12:15:12 [[32minfo[39m [[36mCommands[39m] Loaded commands work]
2021-10-30 12:15:12 [[32minfo[39m [[36mCommands[39m] Loaded commands botinfo]
2021-10-30 12:15:12 [[32minfo[39m [[36mCommands[39m] Loaded commands ping]
2021-10-30 12:15:12 [[32minfo[39m [[36mClient[39m] Set client presence]
2021-10-30 12:15:12 [[32minfo[39m [[36mDiscord API[39m] Logged in as Nya#2948]
2021-10-30 12:15:46 [[32minfo[39m [[36mDatabase[39m] Server connected to the MongoDB Database]
2021-10-30 12:15:46 [[32minfo[39m [[36mCommands[39m] Loaded commands setlang]
2021-10-30 12:15:46 [[32minfo[39m [[36mCommands[39m] Loaded commands chatbot]
2021-10-30 12:15:46 [[32minfo[39m [[36mCommands[39m] Loaded commands profile]
2021-10-30 12:15:46 [[32minfo[39m [[36mCommands[39m] Loaded commands work]
2021-10-30 12:15:46 [[32minfo[39m [[36mCommands[39m] Loaded commands botinfo]
2021-10-30 12:15:46 [[32minfo[39m [[36mCommands[39m] Loaded commands ping]
2021-10-30 12:15:46 [[32minfo[39m [[36mClient[39m] Set client presence]
2021-10-30 12:15:46 [[32minfo[39m [[36mDiscord API[39m] Logged in as Nya#2948]
2021-10-30 12:16:40 [[32minfo[39m [[36mDatabase[39m] Server connected to the MongoDB Database]
2021-10-30 12:16:40 [[32minfo[39m [[36mCommands[39m] Loaded commands setlang]
2021-10-30 12:16:40 [[32minfo[39m [[36mCommands[39m] Loaded commands chatbot]
2021-10-30 12:16:40 [[32minfo[39m [[36mCommands[39m] Loaded commands profile]
2021-10-30 12:16:40 [[32minfo[39m [[36mCommands[39m] Loaded commands work]
2021-10-30 12:16:40 [[32minfo[39m [[36mCommands[39m] Loaded commands botinfo]
2021-10-30 12:16:40 [[32minfo[39m [[36mCommands[39m] Loaded commands ping]
2021-10-30 12:16:41 [[32minfo[39m [[36mClient[39m] Set client presence]
2021-10-30 12:16:41 [[32minfo[39m [[36mDiscord API[39m] Logged in as Nya#2948]
2021-10-30 12:19:45 [[32minfo[39m [[36mDatabase[39m] Server connected to the MongoDB Database]
2021-10-30 12:19:45 [[32minfo[39m [[36mCommands[39m] Loaded commands setlang]
2021-10-30 12:19:45 [[32minfo[39m [[36mCommands[39m] Loaded commands chatbot]
2021-10-30 12:19:45 [[32minfo[39m [[36mCommands[39m] Loaded commands profile]
2021-10-30 12:19:45 [[32minfo[39m [[36mCommands[39m] Loaded commands work]
2021-10-30 12:19:45 [[32minfo[39m [[36mCommands[39m] Loaded commands botinfo]
2021-10-30 12:19:45 [[32minfo[39m [[36mCommands[39m] Loaded commands ping]
2021-10-30 12:19:45 [[32minfo[39m [[36mClient[39m] Set client presence]
2021-10-30 12:19:45 [[32minfo[39m [[36mDiscord API[39m] Logged in as Nya#2948]
2021-10-30 12:20:24 [[32minfo[39m [[36mCommands[39m] Loaded commands setlang]
2021-10-30 12:20:24 [[32minfo[39m [[36mCommands[39m] Loaded commands chatbot]
2021-10-30 12:20:24 [[32minfo[39m [[36mCommands[39m] Loaded commands profile]
2021-10-30 12:20:24 [[32minfo[39m [[36mCommands[39m] Loaded commands work]
2021-10-30 12:20:24 [[32minfo[39m [[36mCommands[39m] Loaded commands botinfo]
2021-10-30 12:20:24 [[32minfo[39m [[36mCommands[39m] Loaded commands ping]
2021-10-30 12:20:24 [[32minfo[39m [[36mDatabase[39m] Server connected to the MongoDB Database]
2021-10-30 12:20:24 [[32minfo[39m [[36mClient[39m] Set client presence]
2021-10-30 12:20:24 [[32minfo[39m [[36mDiscord API[39m] Logged in as Nya#2948]
2021-10-30 12:23:24 [[32minfo[39m [[36mDatabase[39m] Server connected to the MongoDB Database]
2021-10-30 12:23:25 [[32minfo[39m [[36mCommands[39m] Loaded commands setlang]
2021-10-30 12:23:25 [[32minfo[39m [[36mCommands[39m] Loaded commands chatbot]
2021-10-30 12:23:25 [[32minfo[39m [[36mCommands[39m] Loaded commands profile]
2021-10-30 12:23:25 [[32minfo[39m [[36mCommands[39m] Loaded commands work]
2021-10-30 12:23:25 [[32minfo[39m [[36mCommands[39m] Loaded commands botinfo]
2021-10-30 12:23:25 [[32minfo[39m [[36mCommands[39m] Loaded commands ping]
2021-10-30 12:23:25 [[32minfo[39m [[36mClient[39m] Set client presence]
2021-10-30 12:23:25 [[32minfo[39m [[36mDiscord API[39m] Logged in as Nya#2948]
2021-10-30 12:25:05 [[32minfo[39m [[36mCommands[39m] Loaded commands setlang]
2021-10-30 12:25:05 [[32minfo[39m [[36mCommands[39m] Loaded commands chatbot]
2021-10-30 12:25:05 [[32minfo[39m [[36mCommands[39m] Loaded commands profile]
2021-10-30 12:25:05 [[32minfo[39m [[36mCommands[39m] Loaded commands work]
2021-10-30 12:25:05 [[32minfo[39m [[36mCommands[39m] Loaded commands botinfo]
2021-10-30 12:25:05 [[32minfo[39m [[36mCommands[39m] Loaded commands ping]
2021-10-30 12:25:05 [[32minfo[39m [[36mDatabase[39m] Server connected to the MongoDB Database]
2021-10-30 12:25:05 [[32minfo[39m [[36mClient[39m] Set client presence]
2021-10-30 12:25:05 [[32minfo[39m [[36mDiscord API[39m] Logged in as Nya#2948]
2021-10-30 12:25:48 [[32minfo[39m [[36mDatabase[39m] Server connected to the MongoDB Database]
2021-10-30 12:25:49 [[32minfo[39m [[36mCommands[39m] Loaded commands setlang]
2021-10-30 12:25:49 [[32minfo[39m [[36mCommands[39m] Loaded commands chatbot]
2021-10-30 12:25:49 [[32minfo[39m [[36mCommands[39m] Loaded commands profile]
2021-10-30 12:25:49 [[32minfo[39m [[36mCommands[39m] Loaded commands work]
2021-10-30 12:25:49 [[32minfo[39m [[36mCommands[39m] Loaded commands botinfo]
2021-10-30 12:25:49 [[32minfo[39m [[36mCommands[39m] Loaded commands ping]
2021-10-30 12:25:49 [[32minfo[39m [[36mClient[39m] Set client presence]
2021-10-30 12:25:49 [[32minfo[39m [[36mDiscord API[39m] Logged in as Nya#2948]
2021-10-30 12:35:37 [[32minfo[39m [[36mCommands[39m] Loaded commands setlang]
2021-10-30 12:35:37 [[32minfo[39m [[36mCommands[39m] Loaded commands ping]
2021-10-30 12:35:37 [[32minfo[39m [[36mCommands[39m] Loaded commands chatbot]
2021-10-30 12:35:37 [[32minfo[39m [[36mCommands[39m] Loaded commands profile]
2021-10-30 12:35:37 [[32minfo[39m [[36mCommands[39m] Loaded commands work]
2021-10-30 12:35:37 [[32minfo[39m [[36mCommands[39m] Loaded commands botinfo]
2021-10-30 12:35:37 [[32minfo[39m [[36mCommands[39m] Loaded commands ping]
2021-10-30 12:35:37 [[32minfo[39m [[36mDatabase[39m] Server connected to the MongoDB Database]
2021-10-30 12:35:55 [[32minfo[39m [[36mDatabase[39m] Server connected to the MongoDB Database]
2021-10-30 12:35:55 [[32minfo[39m [[36mCommands[39m] Loaded commands setlang]
2021-10-30 12:35:55 [[32minfo[39m [[36mCommands[39m] Loaded commands set]
2021-10-30 12:35:55 [[32minfo[39m [[36mCommands[39m] Loaded commands chatbot]
2021-10-30 12:35:55 [[32minfo[39m [[36mCommands[39m] Loaded commands profile]
2021-10-30 12:35:55 [[32minfo[39m [[36mCommands[39m] Loaded commands work]
2021-10-30 12:35:55 [[32minfo[39m [[36mCommands[39m] Loaded commands botinfo]
2021-10-30 12:35:55 [[32minfo[39m [[36mCommands[39m] Loaded commands ping]
2021-10-30 12:35:56 [[32minfo[39m [[36mClient[39m] Set client presence]
2021-10-30 12:35:56 [[32minfo[39m [[36mDiscord API[39m] Logged in as Nya#2948]
2021-10-30 12:40:24 [[32minfo[39m [[36mDatabase[39m] Server connected to the MongoDB Database]
2021-10-30 12:40:24 [[32minfo[39m [[36mCommands[39m] Loaded commands setlang]
2021-10-30 12:40:24 [[32minfo[39m [[36mCommands[39m] Loaded commands restaurant]
2021-10-30 12:40:24 [[32minfo[39m [[36mCommands[39m] Loaded commands chatbot]
2021-10-30 12:40:24 [[32minfo[39m [[36mCommands[39m] Loaded commands profile]
2021-10-30 12:40:24 [[32minfo[39m [[36mCommands[39m] Loaded commands work]
2021-10-30 12:40:24 [[32minfo[39m [[36mCommands[39m] Loaded commands botinfo]
2021-10-30 12:40:24 [[32minfo[39m [[36mCommands[39m] Loaded commands ping]
2021-10-30 12:40:24 [[32minfo[39m [[36mClient[39m] Set client presence]
2021-10-30 12:40:24 [[32minfo[39m [[36mDiscord API[39m] Logged in as Nya#2948]
2021-10-30 12:42:22 [[32minfo[39m [[36mCommands[39m] Loaded commands setlang]
2021-10-30 12:42:22 [[32minfo[39m [[36mCommands[39m] Loaded commands restaurant]
2021-10-30 12:42:22 [[32minfo[39m [[36mCommands[39m] Loaded commands chatbot]
2021-10-30 12:42:22 [[32minfo[39m [[36mCommands[39m] Loaded commands profile]
2021-10-30 12:42:22 [[32minfo[39m [[36mCommands[39m] Loaded commands work]
2021-10-30 12:42:22 [[32minfo[39m [[36mCommands[39m] Loaded commands botinfo]
2021-10-30 12:42:22 [[32minfo[39m [[36mCommands[39m] Loaded commands ping]
2021-10-30 12:42:22 [[32minfo[39m [[36mClient[39m] Set client presence]
2021-10-30 12:42:22 [[32minfo[39m [[36mDiscord API[39m] Logged in as Nya#2948]
2021-10-30 12:42:22 [[32minfo[39m [[36mDatabase[39m] Server connected to the MongoDB Database]
2021-10-30 12:44:24 [[32minfo[39m [[36mDatabase[39m] Server connected to the MongoDB Database]
2021-10-30 12:44:24 [[32minfo[39m [[36mCommands[39m] Loaded commands setlang]
2021-10-30 12:44:24 [[32minfo[39m [[36mCommands[39m] Loaded commands restaurant]
2021-10-30 12:44:24 [[32minfo[39m [[36mCommands[39m] Loaded commands chatbot]
2021-10-30 12:44:24 [[32minfo[39m [[36mCommands[39m] Loaded commands profile]
2021-10-30 12:44:24 [[32minfo[39m [[36mCommands[39m] Loaded commands work]
2021-10-30 12:44:24 [[32minfo[39m [[36mCommands[39m] Loaded commands botinfo]
2021-10-30 12:44:24 [[32minfo[39m [[36mCommands[39m] Loaded commands ping]
2021-10-30 12:44:24 [[32minfo[39m [[36mClient[39m] Set client presence]
2021-10-30 12:44:24 [[32minfo[39m [[36mDiscord API[39m] Logged in as Nya#2948]
2021-10-30 12:45:25 [[32minfo[39m [[36mCommands[39m] Loaded commands setlang]
2021-10-30 12:45:25 [[32minfo[39m [[36mCommands[39m] Loaded commands restaurant]
2021-10-30 12:45:25 [[32minfo[39m [[36mCommands[39m] Loaded commands chatbot]
2021-10-30 12:45:25 [[32minfo[39m [[36mCommands[39m] Loaded commands profile]
2021-10-30 12:45:25 [[32minfo[39m [[36mCommands[39m] Loaded commands work]
2021-10-30 12:45:25 [[32minfo[39m [[36mCommands[39m] Loaded commands botinfo]
2021-10-30 12:45:25 [[32minfo[39m [[36mCommands[39m] Loaded commands ping]
2021-10-30 12:45:26 [[32minfo[39m [[36mDatabase[39m] Server connected to the MongoDB Database]
2021-10-30 12:45:26 [[32minfo[39m [[36mClient[39m] Set client presence]
2021-10-30 12:45:26 [[32minfo[39m [[36mDiscord API[39m] Logged in as Nya#2948]
2021-10-30 12:48:04 [[32minfo[39m [[36mCommands[39m] Loaded commands setlang]
2021-10-30 12:48:04 [[32minfo[39m [[36mCommands[39m] Loaded commands restaurant]
2021-10-30 12:48:04 [[32minfo[39m [[36mCommands[39m] Loaded commands chatbot]
2021-10-30 12:48:04 [[32minfo[39m [[36mCommands[39m] Loaded commands profile]
2021-10-30 12:48:04 [[32minfo[39m [[36mCommands[39m] Loaded commands work]
2021-10-30 12:48:04 [[32minfo[39m [[36mCommands[39m] Loaded commands botinfo]
2021-10-30 12:48:04 [[32minfo[39m [[36mCommands[39m] Loaded commands ping]
2021-10-30 12:48:04 [[32minfo[39m [[36mDatabase[39m] Server connected to the MongoDB Database]
2021-10-30 12:48:04 [[32minfo[39m [[36mClient[39m] Set client presence]
2021-10-30 12:48:04 [[32minfo[39m [[36mDiscord API[39m] Logged in as Nya#2948]
2021-10-30 12:48:26 [[32minfo[39m [[36mCommands[39m] Loaded commands setlang]
2021-10-30 12:48:26 [[32minfo[39m [[36mCommands[39m] Loaded commands restaurant]
2021-10-30 12:48:26 [[32minfo[39m [[36mCommands[39m] Loaded commands chatbot]
2021-10-30 12:48:26 [[32minfo[39m [[36mCommands[39m] Loaded commands profile]
2021-10-30 12:48:26 [[32minfo[39m [[36mCommands[39m] Loaded commands work]
2021-10-30 12:48:26 [[32minfo[39m [[36mCommands[39m] Loaded commands botinfo]
2021-10-30 12:48:26 [[32minfo[39m [[36mCommands[39m] Loaded commands ping]
2021-10-30 12:48:27 [[32minfo[39m [[36mDatabase[39m] Server connected to the MongoDB Database]
2021-10-30 12:48:27 [[32minfo[39m [[36mClient[39m] Set client presence]
2021-10-30 12:48:27 [[32minfo[39m [[36mDiscord API[39m] Logged in as Nya#2948]
2021-10-30 12:51:44 [[32minfo[39m [[36mDatabase[39m] Server connected to the MongoDB Database]
2021-10-30 12:51:45 [[32minfo[39m [[36mCommands[39m] Loaded commands setlang]
2021-10-30 12:51:45 [[32minfo[39m [[36mCommands[39m] Loaded commands restaurant]
2021-10-30 12:51:45 [[32minfo[39m [[36mCommands[39m] Loaded commands chatbot]
2021-10-30 12:51:45 [[32minfo[39m [[36mCommands[39m] Loaded commands profile]
2021-10-30 12:51:45 [[32minfo[39m [[36mCommands[39m] Loaded commands work]
2021-10-30 12:51:45 [[32minfo[39m [[36mCommands[39m] Loaded commands botinfo]
2021-10-30 12:51:45 [[32minfo[39m [[36mCommands[39m] Loaded commands ping]
2021-10-30 12:51:45 [[32minfo[39m [[36mClient[39m] Set client presence]
2021-10-30 12:51:45 [[32minfo[39m [[36mDiscord API[39m] Logged in as Nya#2948]
2021-10-30 12:55:47 [[32minfo[39m [[36mCommands[39m] Loaded commands setlang]
2021-10-30 12:55:47 [[32minfo[39m [[36mCommands[39m] Loaded commands restaurant]
2021-10-30 12:55:47 [[32minfo[39m [[36mCommands[39m] Loaded commands chatbot]
2021-10-30 12:55:47 [[32minfo[39m [[36mCommands[39m] Loaded commands profile]
2021-10-30 12:55:47 [[32minfo[39m [[36mCommands[39m] Loaded commands work]
2021-10-30 12:55:47 [[32minfo[39m [[36mCommands[39m] Loaded commands botinfo]
2021-10-30 12:55:47 [[32minfo[39m [[36mCommands[39m] Loaded commands ping]
2021-10-30 12:55:47 [[32minfo[39m [[36mDatabase[39m] Server connected to the MongoDB Database]
2021-10-30 12:55:48 [[32minfo[39m [[36mClient[39m] Set client presence]
2021-10-30 12:55:48 [[32minfo[39m [[36mDiscord API[39m] Logged in as Nya#2948]
